#***************************************************************************

#sjplacer

#Version:            1.1

#Build Date:         Jul 19 2017 14:31:00

#File Generated:     Sep 21 2017 23:22:00

#Purpose:            

#Copyright (C) 2010-2011 by Softjin Technologies Pvt Ltd. All rights reserved.

#***************************************************************************

Executing : C:\Program Files (x86)\Cypress\PSoC Creator\4.1\PSoC Creator\bin/sjplacer.exe --proj-name Composite_Decoder --netlist-vh2 Composite_Decoder_p.vh2 --arch p35_udb4x6 --arch-file C:\Program Files (x86)\Cypress\PSoC Creator\4.1\PSoC Creator\dev\arch/udbdsi_4x6_24.cydata --ip-file C:\Program Files (x86)\Cypress\PSoC Creator\4.1\PSoC Creator\dev\psoc5/psoc5lp/ip_blocks.cydata --rrg-file C:\Program Files (x86)\Cypress\PSoC Creator\4.1\PSoC Creator\dev\psoc5/psoc5lp/route_arch-rrg.cydata --irq-file C:\Program Files (x86)\Cypress\PSoC Creator\4.1\PSoC Creator\dev\psoc5/psoc5lp/irqconn.cydata --drq-file C:\Program Files (x86)\Cypress\PSoC Creator\4.1\PSoC Creator\dev\psoc5/psoc5lp/dmaconn.cydata --dsi-conn-file C:\Program Files (x86)\Cypress\PSoC Creator\4.1\PSoC Creator\dev\psoc5/psoc5lp/dsiconn.cydata --pins-file pins_100-TQFP.xml --lib-file Composite_Decoder_p.lib --sdc-file Composite_Decoder.sdc --io-pcf Composite_Decoder.pci --outdir .

		Softjin Techologies Placer, Version 1.1

Build Date : Jul 19 2017	14:29:55

D2004: Option and Settings Summary
=============================================================
Netlist vh2 file          - Composite_Decoder_p.vh2
Architecture file         - C:\Program Files (x86)\Cypress\PSoC Creator\4.1\PSoC Creator\dev\arch/udbdsi_4x6_24.cydata
Package                   - 
Defparam file             - 
SDC file                  - Composite_Decoder.sdc
Output directory          - .
Timing library            - Composite_Decoder_p.lib
IO Placement file         - Composite_Decoder.pci

D2050: Starting reading inputs for placer
=============================================================
D2065: Reading netlist file : "Composite_Decoder_p.vh2"
D2065: Reading arch file : "C:\Program Files (x86)\Cypress\PSoC Creator\4.1\PSoC Creator\dev\arch/udbdsi_4x6_24.cydata"
D2051: Reading of inputs for placer completed successfully

D2053: Starting placement of the design
=============================================================

Phase 2
Phase 3

Design Statistics after Packing
    Number of Combinational MCs 	:	44
    Number of Sequential MCs    	:	85
    Number of DPs               	:	10
    Number of Controls          	:	7
    Number of Status            	:	5
    Number of SyncCells         	:	3
    Number of count7cells       	:	1

Device Utilization Summary after Packing
    Macrocells                  :	129/192
    UDBS                        :	22/24
    IOs                         :	30/72


D2088: Phase 3, elapsed time : 0.0 (sec)

Phase 4
D2088: Phase 4, elapsed time : 0.0 (sec)

Phase 5
D2088: Phase 5, elapsed time : 0.0 (sec)

Phase 6

######################################################################
Placement Timing Summary

The timing summary is based on estimated routing delays after
placement. For final timing report, please carry out the timing
analysis after routing.
======================================================================

######################################################################
                     Clock Summary 
======================================================================
Number of clocks: 13
Clock: CLK_3                | Frequency:  69.7 MHz | Target:   1.0 MHz
Clock: Clock                | Frequency: N/A       | Target:  15.4 MHz
Clock: Clock(routed)        | Frequency: N/A       | Target:  15.4 MHz
Clock: Clock_2              | Frequency: 114.2 MHz | Target:   0.0 MHz
Clock: CyBUS_CLK            | Frequency:  39.9 MHz | Target:  61.5 MHz
Clock: CyILO                | Frequency: N/A       | Target:   0.0 MHz
Clock: CyIMO                | Frequency: N/A       | Target:   3.0 MHz
Clock: CyMASTER_CLK         | Frequency: N/A       | Target:  61.5 MHz
Clock: CyPLL_OUT            | Frequency: N/A       | Target:  61.5 MHz
Clock: PIXEL_CLK            | Frequency: N/A       | Target:   6.8 MHz
Clock: PIXEL_CLK(routed)    | Frequency: N/A       | Target:   6.2 MHz
Clock: UART_1_IntClock      | Frequency:  54.2 MHz | Target:   0.5 MHz
Clock: timer_clock_2        | Frequency:  93.7 MHz | Target:  10.3 MHz

======================================================================
                     End of Clock Summary
######################################################################

D2088: Phase 6, elapsed time : 0.1 (sec)

Phase 7
######################################################################
                     Clock Summary 
======================================================================
Number of clocks: 13
Clock: CLK_3                | Frequency:  73.9 MHz | Target:   1.0 MHz
Clock: Clock                | Frequency: N/A       | Target:  15.4 MHz
Clock: Clock(routed)        | Frequency: N/A       | Target:  15.4 MHz
Clock: Clock_2              | Frequency: 114.2 MHz | Target:   0.0 MHz
Clock: CyBUS_CLK            | Frequency:  39.9 MHz | Target:  61.5 MHz
Clock: CyILO                | Frequency: N/A       | Target:   0.0 MHz
Clock: CyIMO                | Frequency: N/A       | Target:   3.0 MHz
Clock: CyMASTER_CLK         | Frequency: N/A       | Target:  61.5 MHz
Clock: CyPLL_OUT            | Frequency: N/A       | Target:  61.5 MHz
Clock: PIXEL_CLK            | Frequency: N/A       | Target:   6.8 MHz
Clock: PIXEL_CLK(routed)    | Frequency: N/A       | Target:   6.2 MHz
Clock: UART_1_IntClock      | Frequency:  48.2 MHz | Target:   0.5 MHz
Clock: timer_clock_2        | Frequency:  69.0 MHz | Target:  10.3 MHz

======================================================================
                     End of Clock Summary
######################################################################
D2088: Phase 7, elapsed time : 2.9 (sec)

Final Design Statistics
    Number of Combinational MCs 	:	44
    Number of Sequential MCs    	:	85
    Number of DPs               	:	10
    Number of Controls          	:	7
    Number of Status            	:	5
    Number of SyncCells         	:	3
    Number of count7cells       	:	1
    Number of IOs       	:	30

Device Utilization Summary
    Macrocells                  :	129/192
    IOs                         :	30/72



######################################################################
Placement Timing Summary

The timing summary is based on estimated routing delays after
placement. For final timing report, please carry out the timing
analysis after routing.
======================================================================


######################################################################
                     Clock Summary 
======================================================================
Number of clocks: 13
Clock: CLK_3                | Frequency:  70.7 MHz | Target:   1.0 MHz
Clock: Clock                | Frequency: N/A       | Target:  15.4 MHz
Clock: Clock(routed)        | Frequency: N/A       | Target:  15.4 MHz
Clock: Clock_2              | Frequency: 114.2 MHz | Target:   0.0 MHz
Clock: CyBUS_CLK            | Frequency:  39.9 MHz | Target:  61.5 MHz
Clock: CyILO                | Frequency: N/A       | Target:   0.0 MHz
Clock: CyIMO                | Frequency: N/A       | Target:   3.0 MHz
Clock: CyMASTER_CLK         | Frequency: N/A       | Target:  61.5 MHz
Clock: CyPLL_OUT            | Frequency: N/A       | Target:  61.5 MHz
Clock: PIXEL_CLK            | Frequency: N/A       | Target:   6.8 MHz
Clock: PIXEL_CLK(routed)    | Frequency: N/A       | Target:   6.2 MHz
Clock: UART_1_IntClock      | Frequency:  57.2 MHz | Target:   0.5 MHz
Clock: timer_clock_2        | Frequency: 101.6 MHz | Target:  10.3 MHz

======================================================================
                     End of Clock Summary
######################################################################

Phase 8
D2088: Phase 8, elapsed time : 0.0 (sec)

D2054: Placement of the design completed successfully

I2076: Total run-time: 4.1 sec.

