ARM GAS  C:\Users\jrdia\AppData\Local\Temp\ccGVMrma.s 			page 1


   1              		.syntax unified
   2              		.cpu cortex-m3
   3              		.fpu softvfp
   4              		.eabi_attribute 20, 1
   5              		.eabi_attribute 21, 1
   6              		.eabi_attribute 23, 3
   7              		.eabi_attribute 24, 1
   8              		.eabi_attribute 25, 1
   9              		.eabi_attribute 26, 1
  10              		.eabi_attribute 30, 1
  11              		.eabi_attribute 34, 1
  12              		.eabi_attribute 18, 4
  13              		.thumb
  14              		.syntax unified
  15              		.file	"iprintf.c"
  16              		.text
  17              	.Ltext0:
  18              		.cfi_sections	.debug_frame
  19              		.section	.text.change,"ax",%progbits
  20              		.align	2
  21              		.thumb
  22              		.thumb_func
  23              		.type	change, %function
  24              	change:
  25              	.LFB64:
  26              		.file 1 "iprintf.c"
   1:iprintf.c     **** /******************************************************************************
   2:iprintf.c     **** *This file is for iprintf()
   3:iprintf.c     **** *The iprintf() is a simple printf() and only can print string with %s,%d,%c,%x.
   4:iprintf.c     **** *******************************************************************************/
   5:iprintf.c     **** #include "iprintf.h"
   6:iprintf.c     **** 
   7:iprintf.c     **** static void iputc(char8 ch)
   8:iprintf.c     **** {
   9:iprintf.c     **** 	/*This function has to be replaced by user*/	
  10:iprintf.c     **** 	UART_1_PutChar(ch);
  11:iprintf.c     **** }
  12:iprintf.c     **** 
  13:iprintf.c     **** static uint8* change(uint32 Index)
  14:iprintf.c     **** {
  27              		.loc 1 14 0
  28              		.cfi_startproc
  29              		@ args = 0, pretend = 0, frame = 0
  30              		@ frame_needed = 0, uses_anonymous_args = 0
  31              		@ link register save eliminated.
  32              	.LVL0:
  15:iprintf.c     ****     return (uint8*)("0123456789abcdef"+Index);
  16:iprintf.c     **** }
  33              		.loc 1 16 0
  34 0000 014B     		ldr	r3, .L2
  35 0002 1844     		add	r0, r0, r3
  36              	.LVL1:
  37 0004 7047     		bx	lr
  38              	.L3:
  39 0006 00BF     		.align	2
  40              	.L2:
  41 0008 00000000 		.word	.LC0
ARM GAS  C:\Users\jrdia\AppData\Local\Temp\ccGVMrma.s 			page 2


  42              		.cfi_endproc
  43              	.LFE64:
  44              		.size	change, .-change
  45              		.section	.text.iputc,"ax",%progbits
  46              		.align	2
  47              		.thumb
  48              		.thumb_func
  49              		.type	iputc, %function
  50              	iputc:
  51              	.LFB63:
   8:iprintf.c     **** 	/*This function has to be replaced by user*/	
  52              		.loc 1 8 0
  53              		.cfi_startproc
  54              		@ args = 0, pretend = 0, frame = 0
  55              		@ frame_needed = 0, uses_anonymous_args = 0
  56              	.LVL2:
  57 0000 08B5     		push	{r3, lr}
  58              		.cfi_def_cfa_offset 8
  59              		.cfi_offset 3, -8
  60              		.cfi_offset 14, -4
  10:iprintf.c     **** }
  61              		.loc 1 10 0
  62 0002 FFF7FEFF 		bl	UART_1_PutChar
  63              	.LVL3:
  64 0006 08BD     		pop	{r3, pc}
  65              		.cfi_endproc
  66              	.LFE63:
  67              		.size	iputc, .-iputc
  68              		.section	.text.iprintf,"ax",%progbits
  69              		.align	2
  70              		.global	iprintf
  71              		.thumb
  72              		.thumb_func
  73              		.type	iprintf, %function
  74              	iprintf:
  75              	.LFB65:
  17:iprintf.c     **** 
  18:iprintf.c     **** 
  19:iprintf.c     **** void iprintf(char8 *pszFmt,...)
  20:iprintf.c     **** {
  76              		.loc 1 20 0
  77              		.cfi_startproc
  78              		@ args = 4, pretend = 16, frame = 48
  79              		@ frame_needed = 0, uses_anonymous_args = 1
  80              	.LVL4:
  81 0000 0FB4     		push	{r0, r1, r2, r3}
  82              		.cfi_def_cfa_offset 16
  83              		.cfi_offset 0, -16
  84              		.cfi_offset 1, -12
  85              		.cfi_offset 2, -8
  86              		.cfi_offset 3, -4
  87 0002 70B5     		push	{r4, r5, r6, lr}
  88              		.cfi_def_cfa_offset 32
  89              		.cfi_offset 4, -32
  90              		.cfi_offset 5, -28
  91              		.cfi_offset 6, -24
  92              		.cfi_offset 14, -20
ARM GAS  C:\Users\jrdia\AppData\Local\Temp\ccGVMrma.s 			page 3


  93 0004 8CB0     		sub	sp, sp, #48
  94              		.cfi_def_cfa_offset 80
  95              	.LVL5:
  21:iprintf.c     ****     uint8 *pszVal;
  22:iprintf.c     ****     uint32 iVal, xVal, i = 0, buffer[12], index = 1;
  96              		.loc 1 22 0
  97 0006 0124     		movs	r4, #1
  23:iprintf.c     ****     uint8 cVal;
  24:iprintf.c     ****     uint32 *pArg;
  25:iprintf.c     ****     pArg =(uint32 *)&pszFmt;
  26:iprintf.c     **** 
  27:iprintf.c     ****     while(*pszFmt)
  98              		.loc 1 27 0
  99 0008 90E0     		b	.L7
 100              	.LVL6:
 101              	.L25:
  28:iprintf.c     ****     {
  29:iprintf.c     ****         if('%' != *pszFmt)
 102              		.loc 1 29 0
 103 000a 2528     		cmp	r0, #37
 104 000c 05D0     		beq	.L8
  30:iprintf.c     ****         {
  31:iprintf.c     ****             iputc(*pszFmt);
 105              		.loc 1 31 0
 106 000e FFF7FEFF 		bl	iputc
 107              	.LVL7:
  32:iprintf.c     ****             pszFmt++;
 108              		.loc 1 32 0
 109 0012 109B     		ldr	r3, [sp, #64]
 110 0014 0133     		adds	r3, r3, #1
 111 0016 1093     		str	r3, [sp, #64]
  33:iprintf.c     ****             continue;
 112              		.loc 1 33 0
 113 0018 88E0     		b	.L7
 114              	.L8:
  34:iprintf.c     ****         }
  35:iprintf.c     ****         pszFmt++;
 115              		.loc 1 35 0
 116 001a 5A1C     		adds	r2, r3, #1
 117 001c 1092     		str	r2, [sp, #64]
  36:iprintf.c     **** 
  37:iprintf.c     ****         if(*pszFmt == 's')
 118              		.loc 1 37 0
 119 001e 5B78     		ldrb	r3, [r3, #1]	@ zero_extendqisi2
 120 0020 732B     		cmp	r3, #115
 121 0022 0FD1     		bne	.L10
  38:iprintf.c     ****         {
  39:iprintf.c     ****             pszVal = (uint8*)pArg[index++];
 122              		.loc 1 39 0
 123 0024 651C     		adds	r5, r4, #1
 124              	.LVL8:
 125 0026 10AB     		add	r3, sp, #64
 126              	.LVL9:
 127 0028 53F82440 		ldr	r4, [r3, r4, lsl #2]
 128              	.LVL10:
  40:iprintf.c     ****             for(; *pszVal != '\0'; pszVal++)
 129              		.loc 1 40 0
ARM GAS  C:\Users\jrdia\AppData\Local\Temp\ccGVMrma.s 			page 4


 130 002c 02E0     		b	.L11
 131              	.LVL11:
 132              	.L12:
  41:iprintf.c     ****                 iputc(*pszVal);
 133              		.loc 1 41 0 discriminator 2
 134 002e FFF7FEFF 		bl	iputc
 135              	.LVL12:
  40:iprintf.c     ****             for(; *pszVal != '\0'; pszVal++)
 136              		.loc 1 40 0 discriminator 2
 137 0032 0134     		adds	r4, r4, #1
 138              	.LVL13:
 139              	.L11:
  40:iprintf.c     ****             for(; *pszVal != '\0'; pszVal++)
 140              		.loc 1 40 0 is_stmt 0 discriminator 1
 141 0034 2078     		ldrb	r0, [r4]	@ zero_extendqisi2
 142 0036 0028     		cmp	r0, #0
 143 0038 F9D1     		bne	.L12
  42:iprintf.c     ****             pszFmt++;
 144              		.loc 1 42 0 is_stmt 1
 145 003a 109B     		ldr	r3, [sp, #64]
 146 003c 0133     		adds	r3, r3, #1
 147 003e 1093     		str	r3, [sp, #64]
  39:iprintf.c     ****             for(; *pszVal != '\0'; pszVal++)
 148              		.loc 1 39 0
 149 0040 2C46     		mov	r4, r5
 150              	.LVL14:
  43:iprintf.c     ****             continue;
 151              		.loc 1 43 0
 152 0042 73E0     		b	.L7
 153              	.LVL15:
 154              	.L10:
  44:iprintf.c     ****         }
  45:iprintf.c     ****         if(*pszFmt == 'd')
 155              		.loc 1 45 0
 156 0044 642B     		cmp	r3, #100
 157 0046 2AD1     		bne	.L13
  46:iprintf.c     ****         {
  47:iprintf.c     ****             iVal = pArg[index++];
 158              		.loc 1 47 0
 159 0048 651C     		adds	r5, r4, #1
 160              	.LVL16:
 161 004a 10AB     		add	r3, sp, #64
 162              	.LVL17:
 163 004c 53F82410 		ldr	r1, [r3, r4, lsl #2]
 164              	.LVL18:
  48:iprintf.c     ****             i = 0;
 165              		.loc 1 48 0
 166 0050 0022     		movs	r2, #0
 167              	.LVL19:
 168              	.L14:
  49:iprintf.c     ****             do{
  50:iprintf.c     ****                 buffer[i++] = iVal % 10;
 169              		.loc 1 50 0 discriminator 1
 170 0052 541C     		adds	r4, r2, #1
 171              	.LVL20:
 172 0054 3A4B     		ldr	r3, .L28
 173 0056 A3FB0103 		umull	r0, r3, r3, r1
ARM GAS  C:\Users\jrdia\AppData\Local\Temp\ccGVMrma.s 			page 5


 174 005a DB08     		lsrs	r3, r3, #3
 175 005c 1846     		mov	r0, r3
 176 005e 03EB8303 		add	r3, r3, r3, lsl #2
 177 0062 5E00     		lsls	r6, r3, #1
 178 0064 8B1B     		subs	r3, r1, r6
 179 0066 0CA9     		add	r1, sp, #48
 180              	.LVL21:
 181 0068 01EB8202 		add	r2, r1, r2, lsl #2
 182 006c 42F8303C 		str	r3, [r2, #-48]
  51:iprintf.c     ****                 iVal /= 10;
 183              		.loc 1 51 0 discriminator 1
 184 0070 0146     		mov	r1, r0
 185              	.LVL22:
  50:iprintf.c     ****                 iVal /= 10;
 186              		.loc 1 50 0 discriminator 1
 187 0072 2246     		mov	r2, r4
  52:iprintf.c     ****             }while(iVal);
 188              		.loc 1 52 0 discriminator 1
 189 0074 0028     		cmp	r0, #0
 190 0076 ECD1     		bne	.L14
 191 0078 0AE0     		b	.L15
 192              	.LVL23:
 193              	.L16:
  53:iprintf.c     ****             while(i > 0)
  54:iprintf.c     ****             {
  55:iprintf.c     ****                 i--;
 194              		.loc 1 55 0
 195 007a 013C     		subs	r4, r4, #1
 196              	.LVL24:
  56:iprintf.c     ****                 iputc(*change(buffer[i]));
 197              		.loc 1 56 0
 198 007c 0CAB     		add	r3, sp, #48
 199 007e 03EB8403 		add	r3, r3, r4, lsl #2
 200 0082 53F8300C 		ldr	r0, [r3, #-48]
 201 0086 FFF7FEFF 		bl	change
 202              	.LVL25:
 203 008a 0078     		ldrb	r0, [r0]	@ zero_extendqisi2
 204 008c FFF7FEFF 		bl	iputc
 205              	.LVL26:
 206              	.L15:
  53:iprintf.c     ****             while(i > 0)
 207              		.loc 1 53 0
 208 0090 002C     		cmp	r4, #0
 209 0092 F2D1     		bne	.L16
  57:iprintf.c     ****             }
  58:iprintf.c     ****             pszFmt++;
 210              		.loc 1 58 0
 211 0094 109B     		ldr	r3, [sp, #64]
 212 0096 0133     		adds	r3, r3, #1
 213 0098 1093     		str	r3, [sp, #64]
  47:iprintf.c     ****             i = 0;
 214              		.loc 1 47 0
 215 009a 2C46     		mov	r4, r5
 216              	.LVL27:
  59:iprintf.c     ****             continue;
 217              		.loc 1 59 0
 218 009c 46E0     		b	.L7
ARM GAS  C:\Users\jrdia\AppData\Local\Temp\ccGVMrma.s 			page 6


 219              	.LVL28:
 220              	.L13:
  60:iprintf.c     ****         }
  61:iprintf.c     ****         if(*pszFmt == 'c')
 221              		.loc 1 61 0
 222 009e 632B     		cmp	r3, #99
 223 00a0 0AD1     		bne	.L17
  62:iprintf.c     ****         {
  63:iprintf.c     ****             cVal = (uint8)pArg[index++];
 224              		.loc 1 63 0
 225 00a2 651C     		adds	r5, r4, #1
 226              	.LVL29:
  64:iprintf.c     ****             iputc(cVal);
 227              		.loc 1 64 0
 228 00a4 10AB     		add	r3, sp, #64
 229              	.LVL30:
 230 00a6 13F82400 		ldrb	r0, [r3, r4, lsl #2]	@ zero_extendqisi2
 231 00aa FFF7FEFF 		bl	iputc
 232              	.LVL31:
  65:iprintf.c     ****             pszFmt++;
 233              		.loc 1 65 0
 234 00ae 109B     		ldr	r3, [sp, #64]
 235 00b0 0133     		adds	r3, r3, #1
 236 00b2 1093     		str	r3, [sp, #64]
  63:iprintf.c     ****             iputc(cVal);
 237              		.loc 1 63 0
 238 00b4 2C46     		mov	r4, r5
  66:iprintf.c     ****             continue;
 239              		.loc 1 66 0
 240 00b6 39E0     		b	.L7
 241              	.LVL32:
 242              	.L17:
  67:iprintf.c     ****         }
  68:iprintf.c     ****         if(*pszFmt == 'x')
 243              		.loc 1 68 0
 244 00b8 782B     		cmp	r3, #120
 245 00ba 36D1     		bne	.L18
  69:iprintf.c     ****         {
  70:iprintf.c     ****             xVal = pArg[index++];
 246              		.loc 1 70 0
 247 00bc 651C     		adds	r5, r4, #1
 248              	.LVL33:
 249 00be 10AB     		add	r3, sp, #64
 250              	.LVL34:
 251 00c0 53F82430 		ldr	r3, [r3, r4, lsl #2]
 252              	.LVL35:
  71:iprintf.c     ****             i = 0;
 253              		.loc 1 71 0
 254 00c4 0022     		movs	r2, #0
 255 00c6 00E0     		b	.L19
 256              	.LVL36:
 257              	.L26:
  72:iprintf.c     ****             do{
  73:iprintf.c     ****                 buffer[i++] = xVal % 16;
 258              		.loc 1 73 0
 259 00c8 2246     		mov	r2, r4
 260              	.LVL37:
ARM GAS  C:\Users\jrdia\AppData\Local\Temp\ccGVMrma.s 			page 7


 261              	.L19:
 262              		.loc 1 73 0 is_stmt 0 discriminator 1
 263 00ca 541C     		adds	r4, r2, #1
 264              	.LVL38:
 265 00cc 03F00F00 		and	r0, r3, #15
 266 00d0 0CA9     		add	r1, sp, #48
 267 00d2 01EB8201 		add	r1, r1, r2, lsl #2
 268 00d6 41F8300C 		str	r0, [r1, #-48]
 269              	.LVL39:
  74:iprintf.c     ****                 xVal /= 16;
  75:iprintf.c     ****             }while(xVal);
 270              		.loc 1 75 0 is_stmt 1 discriminator 1
 271 00da 1B09     		lsrs	r3, r3, #4
 272              	.LVL40:
 273 00dc F4D1     		bne	.L26
  76:iprintf.c     ****             if(i%2!=0)
 274              		.loc 1 76 0
 275 00de 14F0010F 		tst	r4, #1
 276 00e2 06D0     		beq	.L20
 277              	.LVL41:
  77:iprintf.c     ****                 buffer[i++]=0;
 278              		.loc 1 77 0
 279 00e4 0CAB     		add	r3, sp, #48
 280              	.LVL42:
 281 00e6 03EB8404 		add	r4, r3, r4, lsl #2
 282 00ea 0023     		movs	r3, #0
 283 00ec 44F8303C 		str	r3, [r4, #-48]
 284 00f0 941C     		adds	r4, r2, #2
 285              	.LVL43:
 286              	.L20:
  78:iprintf.c     ****             if(i<2)
 287              		.loc 1 78 0
 288 00f2 012C     		cmp	r4, #1
 289 00f4 12D8     		bhi	.L22
 290              	.LVL44:
  79:iprintf.c     ****                 buffer[i++]=0;
 291              		.loc 1 79 0
 292 00f6 0CAB     		add	r3, sp, #48
 293 00f8 03EB8403 		add	r3, r3, r4, lsl #2
 294 00fc 0022     		movs	r2, #0
 295 00fe 43F8302C 		str	r2, [r3, #-48]
 296 0102 0134     		adds	r4, r4, #1
 297              	.LVL45:
 298 0104 0AE0     		b	.L22
 299              	.L23:
  80:iprintf.c     **** 
  81:iprintf.c     ****             while(i > 0)
  82:iprintf.c     ****             {
  83:iprintf.c     ****                 i--;
 300              		.loc 1 83 0
 301 0106 013C     		subs	r4, r4, #1
 302              	.LVL46:
  84:iprintf.c     ****                 iputc(*change(buffer[i]));
 303              		.loc 1 84 0
 304 0108 0CAB     		add	r3, sp, #48
 305 010a 03EB8403 		add	r3, r3, r4, lsl #2
 306 010e 53F8300C 		ldr	r0, [r3, #-48]
ARM GAS  C:\Users\jrdia\AppData\Local\Temp\ccGVMrma.s 			page 8


 307 0112 FFF7FEFF 		bl	change
 308              	.LVL47:
 309 0116 0078     		ldrb	r0, [r0]	@ zero_extendqisi2
 310 0118 FFF7FEFF 		bl	iputc
 311              	.LVL48:
 312              	.L22:
  81:iprintf.c     ****             {
 313              		.loc 1 81 0
 314 011c 002C     		cmp	r4, #0
 315 011e F2D1     		bne	.L23
  85:iprintf.c     ****             }
  86:iprintf.c     ****             pszFmt++;
 316              		.loc 1 86 0
 317 0120 109B     		ldr	r3, [sp, #64]
 318 0122 0133     		adds	r3, r3, #1
 319 0124 1093     		str	r3, [sp, #64]
  70:iprintf.c     ****             i = 0;
 320              		.loc 1 70 0
 321 0126 2C46     		mov	r4, r5
 322              	.LVL49:
  87:iprintf.c     ****             continue;
 323              		.loc 1 87 0
 324 0128 00E0     		b	.L7
 325              	.LVL50:
 326              	.L18:
  88:iprintf.c     ****         }
  89:iprintf.c     ****         if(pszFmt == '\0')
 327              		.loc 1 89 0
 328 012a 22B1     		cbz	r2, .L6
 329              	.LVL51:
 330              	.L7:
  27:iprintf.c     ****     {
 331              		.loc 1 27 0
 332 012c 109B     		ldr	r3, [sp, #64]
 333 012e 1878     		ldrb	r0, [r3]	@ zero_extendqisi2
 334 0130 0028     		cmp	r0, #0
 335 0132 7FF46AAF 		bne	.L25
 336              	.L6:
  90:iprintf.c     ****         {
  91:iprintf.c     ****             break;
  92:iprintf.c     ****         }
  93:iprintf.c     **** 
  94:iprintf.c     ****     }
  95:iprintf.c     **** }...
 337              		.loc 1 95 0
 338 0136 0CB0     		add	sp, sp, #48
 339              		.cfi_def_cfa_offset 32
 340              		@ sp needed
 341 0138 BDE87040 		pop	{r4, r5, r6, lr}
 342              		.cfi_restore 14
 343              		.cfi_restore 6
 344              		.cfi_restore 5
 345              		.cfi_restore 4
 346              		.cfi_def_cfa_offset 16
 347              	.LVL52:
 348 013c 04B0     		add	sp, sp, #16
 349              		.cfi_restore 3
ARM GAS  C:\Users\jrdia\AppData\Local\Temp\ccGVMrma.s 			page 9


 350              		.cfi_restore 2
 351              		.cfi_restore 1
 352              		.cfi_restore 0
 353              		.cfi_def_cfa_offset 0
 354              	.LVL53:
 355 013e 7047     		bx	lr
 356              	.L29:
 357              		.align	2
 358              	.L28:
 359 0140 CDCCCCCC 		.word	-858993459
 360              		.cfi_endproc
 361              	.LFE65:
 362              		.size	iprintf, .-iprintf
 363              		.section	.rodata.str1.4,"aMS",%progbits,1
 364              		.align	2
 365              	.LC0:
 366 0000 30313233 		.ascii	"0123456789abcdef\000"
 366      34353637 
 366      38396162 
 366      63646566 
 366      00
 367              		.text
 368              	.Letext0:
 369              		.file 2 "c:\\program files (x86)\\cypress\\psoc creator\\4.1\\psoc creator\\import\\gnu\\arm\\5.4.
 370              		.file 3 "c:\\program files (x86)\\cypress\\psoc creator\\4.1\\psoc creator\\import\\gnu\\arm\\5.4.
 371              		.file 4 "Generated_Source\\PSoC5/cytypes.h"
 372              		.file 5 "Generated_Source\\PSoC5/core_cm3.h"
 373              		.file 6 "Generated_Source\\PSoC5/UART_1.h"
 374              		.section	.debug_info,"",%progbits
 375              	.Ldebug_info0:
 376 0000 5B020000 		.4byte	0x25b
 377 0004 0400     		.2byte	0x4
 378 0006 00000000 		.4byte	.Ldebug_abbrev0
 379 000a 04       		.byte	0x4
 380 000b 01       		.uleb128 0x1
 381 000c D3000000 		.4byte	.LASF28
 382 0010 0C       		.byte	0xc
 383 0011 51000000 		.4byte	.LASF29
 384 0015 A7010000 		.4byte	.LASF30
 385 0019 00000000 		.4byte	.Ldebug_ranges0+0
 386 001d 00000000 		.4byte	0
 387 0021 00000000 		.4byte	.Ldebug_line0
 388 0025 02       		.uleb128 0x2
 389 0026 01       		.byte	0x1
 390 0027 06       		.byte	0x6
 391 0028 19020000 		.4byte	.LASF0
 392 002c 02       		.uleb128 0x2
 393 002d 01       		.byte	0x1
 394 002e 08       		.byte	0x8
 395 002f 1F000000 		.4byte	.LASF1
 396 0033 02       		.uleb128 0x2
 397 0034 02       		.byte	0x2
 398 0035 05       		.byte	0x5
 399 0036 90010000 		.4byte	.LASF2
 400 003a 02       		.uleb128 0x2
 401 003b 02       		.byte	0x2
 402 003c 07       		.byte	0x7
ARM GAS  C:\Users\jrdia\AppData\Local\Temp\ccGVMrma.s 			page 10


 403 003d 5B000000 		.4byte	.LASF3
 404 0041 03       		.uleb128 0x3
 405 0042 08000000 		.4byte	.LASF9
 406 0046 02       		.byte	0x2
 407 0047 3F       		.byte	0x3f
 408 0048 4C000000 		.4byte	0x4c
 409 004c 02       		.uleb128 0x2
 410 004d 04       		.byte	0x4
 411 004e 05       		.byte	0x5
 412 004f 04020000 		.4byte	.LASF4
 413 0053 02       		.uleb128 0x2
 414 0054 04       		.byte	0x4
 415 0055 07       		.byte	0x7
 416 0056 3F000000 		.4byte	.LASF5
 417 005a 02       		.uleb128 0x2
 418 005b 08       		.byte	0x8
 419 005c 05       		.byte	0x5
 420 005d 72010000 		.4byte	.LASF6
 421 0061 02       		.uleb128 0x2
 422 0062 08       		.byte	0x8
 423 0063 07       		.byte	0x7
 424 0064 B0000000 		.4byte	.LASF7
 425 0068 04       		.uleb128 0x4
 426 0069 04       		.byte	0x4
 427 006a 05       		.byte	0x5
 428 006b 696E7400 		.ascii	"int\000"
 429 006f 02       		.uleb128 0x2
 430 0070 04       		.byte	0x4
 431 0071 07       		.byte	0x7
 432 0072 9E000000 		.4byte	.LASF8
 433 0076 03       		.uleb128 0x3
 434 0077 61010000 		.4byte	.LASF10
 435 007b 03       		.byte	0x3
 436 007c 2C       		.byte	0x2c
 437 007d 41000000 		.4byte	0x41
 438 0081 05       		.uleb128 0x5
 439 0082 A1010000 		.4byte	.LASF11
 440 0086 04       		.byte	0x4
 441 0087 9201     		.2byte	0x192
 442 0089 2C000000 		.4byte	0x2c
 443 008d 05       		.uleb128 0x5
 444 008e 88000000 		.4byte	.LASF12
 445 0092 04       		.byte	0x4
 446 0093 9401     		.2byte	0x194
 447 0095 53000000 		.4byte	0x53
 448 0099 02       		.uleb128 0x2
 449 009a 04       		.byte	0x4
 450 009b 04       		.byte	0x4
 451 009c 19000000 		.4byte	.LASF13
 452 00a0 02       		.uleb128 0x2
 453 00a1 08       		.byte	0x8
 454 00a2 04       		.byte	0x4
 455 00a3 7B000000 		.4byte	.LASF14
 456 00a7 05       		.uleb128 0x5
 457 00a8 32000000 		.4byte	.LASF15
 458 00ac 04       		.byte	0x4
 459 00ad A301     		.2byte	0x1a3
ARM GAS  C:\Users\jrdia\AppData\Local\Temp\ccGVMrma.s 			page 11


 460 00af B3000000 		.4byte	0xb3
 461 00b3 02       		.uleb128 0x2
 462 00b4 01       		.byte	0x1
 463 00b5 08       		.byte	0x8
 464 00b6 85010000 		.4byte	.LASF16
 465 00ba 02       		.uleb128 0x2
 466 00bb 08       		.byte	0x8
 467 00bc 04       		.byte	0x4
 468 00bd 0D020000 		.4byte	.LASF17
 469 00c1 02       		.uleb128 0x2
 470 00c2 04       		.byte	0x4
 471 00c3 07       		.byte	0x7
 472 00c4 69010000 		.4byte	.LASF18
 473 00c8 06       		.uleb128 0x6
 474 00c9 CC000000 		.4byte	.LASF31
 475 00cd 01       		.byte	0x1
 476 00ce 0D       		.byte	0xd
 477 00cf F1000000 		.4byte	0xf1
 478 00d3 00000000 		.4byte	.LFB64
 479 00d7 0C000000 		.4byte	.LFE64-.LFB64
 480 00db 01       		.uleb128 0x1
 481 00dc 9C       		.byte	0x9c
 482 00dd F1000000 		.4byte	0xf1
 483 00e1 07       		.uleb128 0x7
 484 00e2 25020000 		.4byte	.LASF19
 485 00e6 01       		.byte	0x1
 486 00e7 0D       		.byte	0xd
 487 00e8 8D000000 		.4byte	0x8d
 488 00ec 00000000 		.4byte	.LLST0
 489 00f0 00       		.byte	0
 490 00f1 08       		.uleb128 0x8
 491 00f2 04       		.byte	0x4
 492 00f3 81000000 		.4byte	0x81
 493 00f7 09       		.uleb128 0x9
 494 00f8 82000000 		.4byte	.LASF32
 495 00fc 01       		.byte	0x1
 496 00fd 07       		.byte	0x7
 497 00fe 00000000 		.4byte	.LFB63
 498 0102 08000000 		.4byte	.LFE63-.LFB63
 499 0106 01       		.uleb128 0x1
 500 0107 9C       		.byte	0x9c
 501 0108 24010000 		.4byte	0x124
 502 010c 0A       		.uleb128 0xa
 503 010d 636800   		.ascii	"ch\000"
 504 0110 01       		.byte	0x1
 505 0111 07       		.byte	0x7
 506 0112 A7000000 		.4byte	0xa7
 507 0116 26000000 		.4byte	.LLST1
 508 011a 0B       		.uleb128 0xb
 509 011b 06000000 		.4byte	.LVL3
 510 011f 53020000 		.4byte	0x253
 511 0123 00       		.byte	0
 512 0124 0C       		.uleb128 0xc
 513 0125 00000000 		.4byte	.LASF33
 514 0129 01       		.byte	0x1
 515 012a 13       		.byte	0x13
 516 012b 00000000 		.4byte	.LFB65
ARM GAS  C:\Users\jrdia\AppData\Local\Temp\ccGVMrma.s 			page 12


 517 012f 44010000 		.4byte	.LFE65-.LFB65
 518 0133 01       		.uleb128 0x1
 519 0134 9C       		.byte	0x9c
 520 0135 26020000 		.4byte	0x226
 521 0139 0D       		.uleb128 0xd
 522 013a 12000000 		.4byte	.LASF20
 523 013e 01       		.byte	0x1
 524 013f 13       		.byte	0x13
 525 0140 26020000 		.4byte	0x226
 526 0144 02       		.uleb128 0x2
 527 0145 91       		.byte	0x91
 528 0146 70       		.sleb128 -16
 529 0147 0E       		.uleb128 0xe
 530 0148 0F       		.uleb128 0xf
 531 0149 38000000 		.4byte	.LASF21
 532 014d 01       		.byte	0x1
 533 014e 15       		.byte	0x15
 534 014f F1000000 		.4byte	0xf1
 535 0153 47000000 		.4byte	.LLST2
 536 0157 0F       		.uleb128 0xf
 537 0158 AB000000 		.4byte	.LASF22
 538 015c 01       		.byte	0x1
 539 015d 16       		.byte	0x16
 540 015e 8D000000 		.4byte	0x8d
 541 0162 5A000000 		.4byte	.LLST3
 542 0166 0F       		.uleb128 0xf
 543 0167 C7000000 		.4byte	.LASF23
 544 016b 01       		.byte	0x1
 545 016c 16       		.byte	0x16
 546 016d 8D000000 		.4byte	0x8d
 547 0171 78000000 		.4byte	.LLST4
 548 0175 10       		.uleb128 0x10
 549 0176 6900     		.ascii	"i\000"
 550 0178 01       		.byte	0x1
 551 0179 16       		.byte	0x16
 552 017a 8D000000 		.4byte	0x8d
 553 017e A5000000 		.4byte	.LLST5
 554 0182 11       		.uleb128 0x11
 555 0183 9A010000 		.4byte	.LASF24
 556 0187 01       		.byte	0x1
 557 0188 16       		.byte	0x16
 558 0189 2C020000 		.4byte	0x22c
 559 018d 03       		.uleb128 0x3
 560 018e 91       		.byte	0x91
 561 018f B07F     		.sleb128 -80
 562 0191 0F       		.uleb128 0xf
 563 0192 8A010000 		.4byte	.LASF25
 564 0196 01       		.byte	0x1
 565 0197 16       		.byte	0x16
 566 0198 8D000000 		.4byte	0x8d
 567 019c 38010000 		.4byte	.LLST6
 568 01a0 0F       		.uleb128 0xf
 569 01a1 2D000000 		.4byte	.LASF26
 570 01a5 01       		.byte	0x1
 571 01a6 17       		.byte	0x17
 572 01a7 81000000 		.4byte	0x81
 573 01ab AF010000 		.4byte	.LLST7
ARM GAS  C:\Users\jrdia\AppData\Local\Temp\ccGVMrma.s 			page 13


 574 01af 0F       		.uleb128 0xf
 575 01b0 80010000 		.4byte	.LASF27
 576 01b4 01       		.byte	0x1
 577 01b5 18       		.byte	0x18
 578 01b6 3C020000 		.4byte	0x23c
 579 01ba CB010000 		.4byte	.LLST8
 580 01be 0B       		.uleb128 0xb
 581 01bf 12000000 		.4byte	.LVL7
 582 01c3 F7000000 		.4byte	0xf7
 583 01c7 0B       		.uleb128 0xb
 584 01c8 32000000 		.4byte	.LVL12
 585 01cc F7000000 		.4byte	0xf7
 586 01d0 12       		.uleb128 0x12
 587 01d1 8A000000 		.4byte	.LVL25
 588 01d5 C8000000 		.4byte	0xc8
 589 01d9 ED010000 		.4byte	0x1ed
 590 01dd 13       		.uleb128 0x13
 591 01de 01       		.uleb128 0x1
 592 01df 50       		.byte	0x50
 593 01e0 0B       		.uleb128 0xb
 594 01e1 74       		.byte	0x74
 595 01e2 00       		.sleb128 0
 596 01e3 32       		.byte	0x32
 597 01e4 24       		.byte	0x24
 598 01e5 91       		.byte	0x91
 599 01e6 70       		.sleb128 -16
 600 01e7 22       		.byte	0x22
 601 01e8 08       		.byte	0x8
 602 01e9 60       		.byte	0x60
 603 01ea 1C       		.byte	0x1c
 604 01eb 06       		.byte	0x6
 605 01ec 00       		.byte	0
 606 01ed 0B       		.uleb128 0xb
 607 01ee 90000000 		.4byte	.LVL26
 608 01f2 F7000000 		.4byte	0xf7
 609 01f6 0B       		.uleb128 0xb
 610 01f7 AE000000 		.4byte	.LVL31
 611 01fb F7000000 		.4byte	0xf7
 612 01ff 12       		.uleb128 0x12
 613 0200 16010000 		.4byte	.LVL47
 614 0204 C8000000 		.4byte	0xc8
 615 0208 1C020000 		.4byte	0x21c
 616 020c 13       		.uleb128 0x13
 617 020d 01       		.uleb128 0x1
 618 020e 50       		.byte	0x50
 619 020f 0B       		.uleb128 0xb
 620 0210 74       		.byte	0x74
 621 0211 00       		.sleb128 0
 622 0212 32       		.byte	0x32
 623 0213 24       		.byte	0x24
 624 0214 91       		.byte	0x91
 625 0215 70       		.sleb128 -16
 626 0216 22       		.byte	0x22
 627 0217 08       		.byte	0x8
 628 0218 60       		.byte	0x60
 629 0219 1C       		.byte	0x1c
 630 021a 06       		.byte	0x6
ARM GAS  C:\Users\jrdia\AppData\Local\Temp\ccGVMrma.s 			page 14


 631 021b 00       		.byte	0
 632 021c 0B       		.uleb128 0xb
 633 021d 1C010000 		.4byte	.LVL48
 634 0221 F7000000 		.4byte	0xf7
 635 0225 00       		.byte	0
 636 0226 08       		.uleb128 0x8
 637 0227 04       		.byte	0x4
 638 0228 A7000000 		.4byte	0xa7
 639 022c 14       		.uleb128 0x14
 640 022d 8D000000 		.4byte	0x8d
 641 0231 3C020000 		.4byte	0x23c
 642 0235 15       		.uleb128 0x15
 643 0236 C1000000 		.4byte	0xc1
 644 023a 0B       		.byte	0xb
 645 023b 00       		.byte	0
 646 023c 08       		.uleb128 0x8
 647 023d 04       		.byte	0x4
 648 023e 8D000000 		.4byte	0x8d
 649 0242 16       		.uleb128 0x16
 650 0243 6E000000 		.4byte	.LASF34
 651 0247 05       		.byte	0x5
 652 0248 1207     		.2byte	0x712
 653 024a 4E020000 		.4byte	0x24e
 654 024e 17       		.uleb128 0x17
 655 024f 76000000 		.4byte	0x76
 656 0253 18       		.uleb128 0x18
 657 0254 8F000000 		.4byte	.LASF35
 658 0258 8F000000 		.4byte	.LASF35
 659 025c 06       		.byte	0x6
 660 025d 8A       		.byte	0x8a
 661 025e 00       		.byte	0
 662              		.section	.debug_abbrev,"",%progbits
 663              	.Ldebug_abbrev0:
 664 0000 01       		.uleb128 0x1
 665 0001 11       		.uleb128 0x11
 666 0002 01       		.byte	0x1
 667 0003 25       		.uleb128 0x25
 668 0004 0E       		.uleb128 0xe
 669 0005 13       		.uleb128 0x13
 670 0006 0B       		.uleb128 0xb
 671 0007 03       		.uleb128 0x3
 672 0008 0E       		.uleb128 0xe
 673 0009 1B       		.uleb128 0x1b
 674 000a 0E       		.uleb128 0xe
 675 000b 55       		.uleb128 0x55
 676 000c 17       		.uleb128 0x17
 677 000d 11       		.uleb128 0x11
 678 000e 01       		.uleb128 0x1
 679 000f 10       		.uleb128 0x10
 680 0010 17       		.uleb128 0x17
 681 0011 00       		.byte	0
 682 0012 00       		.byte	0
 683 0013 02       		.uleb128 0x2
 684 0014 24       		.uleb128 0x24
 685 0015 00       		.byte	0
 686 0016 0B       		.uleb128 0xb
 687 0017 0B       		.uleb128 0xb
ARM GAS  C:\Users\jrdia\AppData\Local\Temp\ccGVMrma.s 			page 15


 688 0018 3E       		.uleb128 0x3e
 689 0019 0B       		.uleb128 0xb
 690 001a 03       		.uleb128 0x3
 691 001b 0E       		.uleb128 0xe
 692 001c 00       		.byte	0
 693 001d 00       		.byte	0
 694 001e 03       		.uleb128 0x3
 695 001f 16       		.uleb128 0x16
 696 0020 00       		.byte	0
 697 0021 03       		.uleb128 0x3
 698 0022 0E       		.uleb128 0xe
 699 0023 3A       		.uleb128 0x3a
 700 0024 0B       		.uleb128 0xb
 701 0025 3B       		.uleb128 0x3b
 702 0026 0B       		.uleb128 0xb
 703 0027 49       		.uleb128 0x49
 704 0028 13       		.uleb128 0x13
 705 0029 00       		.byte	0
 706 002a 00       		.byte	0
 707 002b 04       		.uleb128 0x4
 708 002c 24       		.uleb128 0x24
 709 002d 00       		.byte	0
 710 002e 0B       		.uleb128 0xb
 711 002f 0B       		.uleb128 0xb
 712 0030 3E       		.uleb128 0x3e
 713 0031 0B       		.uleb128 0xb
 714 0032 03       		.uleb128 0x3
 715 0033 08       		.uleb128 0x8
 716 0034 00       		.byte	0
 717 0035 00       		.byte	0
 718 0036 05       		.uleb128 0x5
 719 0037 16       		.uleb128 0x16
 720 0038 00       		.byte	0
 721 0039 03       		.uleb128 0x3
 722 003a 0E       		.uleb128 0xe
 723 003b 3A       		.uleb128 0x3a
 724 003c 0B       		.uleb128 0xb
 725 003d 3B       		.uleb128 0x3b
 726 003e 05       		.uleb128 0x5
 727 003f 49       		.uleb128 0x49
 728 0040 13       		.uleb128 0x13
 729 0041 00       		.byte	0
 730 0042 00       		.byte	0
 731 0043 06       		.uleb128 0x6
 732 0044 2E       		.uleb128 0x2e
 733 0045 01       		.byte	0x1
 734 0046 03       		.uleb128 0x3
 735 0047 0E       		.uleb128 0xe
 736 0048 3A       		.uleb128 0x3a
 737 0049 0B       		.uleb128 0xb
 738 004a 3B       		.uleb128 0x3b
 739 004b 0B       		.uleb128 0xb
 740 004c 27       		.uleb128 0x27
 741 004d 19       		.uleb128 0x19
 742 004e 49       		.uleb128 0x49
 743 004f 13       		.uleb128 0x13
 744 0050 11       		.uleb128 0x11
ARM GAS  C:\Users\jrdia\AppData\Local\Temp\ccGVMrma.s 			page 16


 745 0051 01       		.uleb128 0x1
 746 0052 12       		.uleb128 0x12
 747 0053 06       		.uleb128 0x6
 748 0054 40       		.uleb128 0x40
 749 0055 18       		.uleb128 0x18
 750 0056 9742     		.uleb128 0x2117
 751 0058 19       		.uleb128 0x19
 752 0059 01       		.uleb128 0x1
 753 005a 13       		.uleb128 0x13
 754 005b 00       		.byte	0
 755 005c 00       		.byte	0
 756 005d 07       		.uleb128 0x7
 757 005e 05       		.uleb128 0x5
 758 005f 00       		.byte	0
 759 0060 03       		.uleb128 0x3
 760 0061 0E       		.uleb128 0xe
 761 0062 3A       		.uleb128 0x3a
 762 0063 0B       		.uleb128 0xb
 763 0064 3B       		.uleb128 0x3b
 764 0065 0B       		.uleb128 0xb
 765 0066 49       		.uleb128 0x49
 766 0067 13       		.uleb128 0x13
 767 0068 02       		.uleb128 0x2
 768 0069 17       		.uleb128 0x17
 769 006a 00       		.byte	0
 770 006b 00       		.byte	0
 771 006c 08       		.uleb128 0x8
 772 006d 0F       		.uleb128 0xf
 773 006e 00       		.byte	0
 774 006f 0B       		.uleb128 0xb
 775 0070 0B       		.uleb128 0xb
 776 0071 49       		.uleb128 0x49
 777 0072 13       		.uleb128 0x13
 778 0073 00       		.byte	0
 779 0074 00       		.byte	0
 780 0075 09       		.uleb128 0x9
 781 0076 2E       		.uleb128 0x2e
 782 0077 01       		.byte	0x1
 783 0078 03       		.uleb128 0x3
 784 0079 0E       		.uleb128 0xe
 785 007a 3A       		.uleb128 0x3a
 786 007b 0B       		.uleb128 0xb
 787 007c 3B       		.uleb128 0x3b
 788 007d 0B       		.uleb128 0xb
 789 007e 27       		.uleb128 0x27
 790 007f 19       		.uleb128 0x19
 791 0080 11       		.uleb128 0x11
 792 0081 01       		.uleb128 0x1
 793 0082 12       		.uleb128 0x12
 794 0083 06       		.uleb128 0x6
 795 0084 40       		.uleb128 0x40
 796 0085 18       		.uleb128 0x18
 797 0086 9742     		.uleb128 0x2117
 798 0088 19       		.uleb128 0x19
 799 0089 01       		.uleb128 0x1
 800 008a 13       		.uleb128 0x13
 801 008b 00       		.byte	0
ARM GAS  C:\Users\jrdia\AppData\Local\Temp\ccGVMrma.s 			page 17


 802 008c 00       		.byte	0
 803 008d 0A       		.uleb128 0xa
 804 008e 05       		.uleb128 0x5
 805 008f 00       		.byte	0
 806 0090 03       		.uleb128 0x3
 807 0091 08       		.uleb128 0x8
 808 0092 3A       		.uleb128 0x3a
 809 0093 0B       		.uleb128 0xb
 810 0094 3B       		.uleb128 0x3b
 811 0095 0B       		.uleb128 0xb
 812 0096 49       		.uleb128 0x49
 813 0097 13       		.uleb128 0x13
 814 0098 02       		.uleb128 0x2
 815 0099 17       		.uleb128 0x17
 816 009a 00       		.byte	0
 817 009b 00       		.byte	0
 818 009c 0B       		.uleb128 0xb
 819 009d 898201   		.uleb128 0x4109
 820 00a0 00       		.byte	0
 821 00a1 11       		.uleb128 0x11
 822 00a2 01       		.uleb128 0x1
 823 00a3 31       		.uleb128 0x31
 824 00a4 13       		.uleb128 0x13
 825 00a5 00       		.byte	0
 826 00a6 00       		.byte	0
 827 00a7 0C       		.uleb128 0xc
 828 00a8 2E       		.uleb128 0x2e
 829 00a9 01       		.byte	0x1
 830 00aa 3F       		.uleb128 0x3f
 831 00ab 19       		.uleb128 0x19
 832 00ac 03       		.uleb128 0x3
 833 00ad 0E       		.uleb128 0xe
 834 00ae 3A       		.uleb128 0x3a
 835 00af 0B       		.uleb128 0xb
 836 00b0 3B       		.uleb128 0x3b
 837 00b1 0B       		.uleb128 0xb
 838 00b2 27       		.uleb128 0x27
 839 00b3 19       		.uleb128 0x19
 840 00b4 11       		.uleb128 0x11
 841 00b5 01       		.uleb128 0x1
 842 00b6 12       		.uleb128 0x12
 843 00b7 06       		.uleb128 0x6
 844 00b8 40       		.uleb128 0x40
 845 00b9 18       		.uleb128 0x18
 846 00ba 9742     		.uleb128 0x2117
 847 00bc 19       		.uleb128 0x19
 848 00bd 01       		.uleb128 0x1
 849 00be 13       		.uleb128 0x13
 850 00bf 00       		.byte	0
 851 00c0 00       		.byte	0
 852 00c1 0D       		.uleb128 0xd
 853 00c2 05       		.uleb128 0x5
 854 00c3 00       		.byte	0
 855 00c4 03       		.uleb128 0x3
 856 00c5 0E       		.uleb128 0xe
 857 00c6 3A       		.uleb128 0x3a
 858 00c7 0B       		.uleb128 0xb
ARM GAS  C:\Users\jrdia\AppData\Local\Temp\ccGVMrma.s 			page 18


 859 00c8 3B       		.uleb128 0x3b
 860 00c9 0B       		.uleb128 0xb
 861 00ca 49       		.uleb128 0x49
 862 00cb 13       		.uleb128 0x13
 863 00cc 02       		.uleb128 0x2
 864 00cd 18       		.uleb128 0x18
 865 00ce 00       		.byte	0
 866 00cf 00       		.byte	0
 867 00d0 0E       		.uleb128 0xe
 868 00d1 18       		.uleb128 0x18
 869 00d2 00       		.byte	0
 870 00d3 00       		.byte	0
 871 00d4 00       		.byte	0
 872 00d5 0F       		.uleb128 0xf
 873 00d6 34       		.uleb128 0x34
 874 00d7 00       		.byte	0
 875 00d8 03       		.uleb128 0x3
 876 00d9 0E       		.uleb128 0xe
 877 00da 3A       		.uleb128 0x3a
 878 00db 0B       		.uleb128 0xb
 879 00dc 3B       		.uleb128 0x3b
 880 00dd 0B       		.uleb128 0xb
 881 00de 49       		.uleb128 0x49
 882 00df 13       		.uleb128 0x13
 883 00e0 02       		.uleb128 0x2
 884 00e1 17       		.uleb128 0x17
 885 00e2 00       		.byte	0
 886 00e3 00       		.byte	0
 887 00e4 10       		.uleb128 0x10
 888 00e5 34       		.uleb128 0x34
 889 00e6 00       		.byte	0
 890 00e7 03       		.uleb128 0x3
 891 00e8 08       		.uleb128 0x8
 892 00e9 3A       		.uleb128 0x3a
 893 00ea 0B       		.uleb128 0xb
 894 00eb 3B       		.uleb128 0x3b
 895 00ec 0B       		.uleb128 0xb
 896 00ed 49       		.uleb128 0x49
 897 00ee 13       		.uleb128 0x13
 898 00ef 02       		.uleb128 0x2
 899 00f0 17       		.uleb128 0x17
 900 00f1 00       		.byte	0
 901 00f2 00       		.byte	0
 902 00f3 11       		.uleb128 0x11
 903 00f4 34       		.uleb128 0x34
 904 00f5 00       		.byte	0
 905 00f6 03       		.uleb128 0x3
 906 00f7 0E       		.uleb128 0xe
 907 00f8 3A       		.uleb128 0x3a
 908 00f9 0B       		.uleb128 0xb
 909 00fa 3B       		.uleb128 0x3b
 910 00fb 0B       		.uleb128 0xb
 911 00fc 49       		.uleb128 0x49
 912 00fd 13       		.uleb128 0x13
 913 00fe 02       		.uleb128 0x2
 914 00ff 18       		.uleb128 0x18
 915 0100 00       		.byte	0
ARM GAS  C:\Users\jrdia\AppData\Local\Temp\ccGVMrma.s 			page 19


 916 0101 00       		.byte	0
 917 0102 12       		.uleb128 0x12
 918 0103 898201   		.uleb128 0x4109
 919 0106 01       		.byte	0x1
 920 0107 11       		.uleb128 0x11
 921 0108 01       		.uleb128 0x1
 922 0109 31       		.uleb128 0x31
 923 010a 13       		.uleb128 0x13
 924 010b 01       		.uleb128 0x1
 925 010c 13       		.uleb128 0x13
 926 010d 00       		.byte	0
 927 010e 00       		.byte	0
 928 010f 13       		.uleb128 0x13
 929 0110 8A8201   		.uleb128 0x410a
 930 0113 00       		.byte	0
 931 0114 02       		.uleb128 0x2
 932 0115 18       		.uleb128 0x18
 933 0116 9142     		.uleb128 0x2111
 934 0118 18       		.uleb128 0x18
 935 0119 00       		.byte	0
 936 011a 00       		.byte	0
 937 011b 14       		.uleb128 0x14
 938 011c 01       		.uleb128 0x1
 939 011d 01       		.byte	0x1
 940 011e 49       		.uleb128 0x49
 941 011f 13       		.uleb128 0x13
 942 0120 01       		.uleb128 0x1
 943 0121 13       		.uleb128 0x13
 944 0122 00       		.byte	0
 945 0123 00       		.byte	0
 946 0124 15       		.uleb128 0x15
 947 0125 21       		.uleb128 0x21
 948 0126 00       		.byte	0
 949 0127 49       		.uleb128 0x49
 950 0128 13       		.uleb128 0x13
 951 0129 2F       		.uleb128 0x2f
 952 012a 0B       		.uleb128 0xb
 953 012b 00       		.byte	0
 954 012c 00       		.byte	0
 955 012d 16       		.uleb128 0x16
 956 012e 34       		.uleb128 0x34
 957 012f 00       		.byte	0
 958 0130 03       		.uleb128 0x3
 959 0131 0E       		.uleb128 0xe
 960 0132 3A       		.uleb128 0x3a
 961 0133 0B       		.uleb128 0xb
 962 0134 3B       		.uleb128 0x3b
 963 0135 05       		.uleb128 0x5
 964 0136 49       		.uleb128 0x49
 965 0137 13       		.uleb128 0x13
 966 0138 3F       		.uleb128 0x3f
 967 0139 19       		.uleb128 0x19
 968 013a 3C       		.uleb128 0x3c
 969 013b 19       		.uleb128 0x19
 970 013c 00       		.byte	0
 971 013d 00       		.byte	0
 972 013e 17       		.uleb128 0x17
ARM GAS  C:\Users\jrdia\AppData\Local\Temp\ccGVMrma.s 			page 20


 973 013f 35       		.uleb128 0x35
 974 0140 00       		.byte	0
 975 0141 49       		.uleb128 0x49
 976 0142 13       		.uleb128 0x13
 977 0143 00       		.byte	0
 978 0144 00       		.byte	0
 979 0145 18       		.uleb128 0x18
 980 0146 2E       		.uleb128 0x2e
 981 0147 00       		.byte	0
 982 0148 3F       		.uleb128 0x3f
 983 0149 19       		.uleb128 0x19
 984 014a 3C       		.uleb128 0x3c
 985 014b 19       		.uleb128 0x19
 986 014c 6E       		.uleb128 0x6e
 987 014d 0E       		.uleb128 0xe
 988 014e 03       		.uleb128 0x3
 989 014f 0E       		.uleb128 0xe
 990 0150 3A       		.uleb128 0x3a
 991 0151 0B       		.uleb128 0xb
 992 0152 3B       		.uleb128 0x3b
 993 0153 0B       		.uleb128 0xb
 994 0154 00       		.byte	0
 995 0155 00       		.byte	0
 996 0156 00       		.byte	0
 997              		.section	.debug_loc,"",%progbits
 998              	.Ldebug_loc0:
 999              	.LLST0:
 1000 0000 00000000 		.4byte	.LVL0
 1001 0004 04000000 		.4byte	.LVL1
 1002 0008 0100     		.2byte	0x1
 1003 000a 50       		.byte	0x50
 1004 000b 04000000 		.4byte	.LVL1
 1005 000f 0C000000 		.4byte	.LFE64
 1006 0013 0900     		.2byte	0x9
 1007 0015 70       		.byte	0x70
 1008 0016 00       		.sleb128 0
 1009 0017 03       		.byte	0x3
 1010 0018 00000000 		.4byte	.LC0
 1011 001c 1C       		.byte	0x1c
 1012 001d 9F       		.byte	0x9f
 1013 001e 00000000 		.4byte	0
 1014 0022 00000000 		.4byte	0
 1015              	.LLST1:
 1016 0026 00000000 		.4byte	.LVL2
 1017 002a 05000000 		.4byte	.LVL3-1
 1018 002e 0100     		.2byte	0x1
 1019 0030 50       		.byte	0x50
 1020 0031 05000000 		.4byte	.LVL3-1
 1021 0035 08000000 		.4byte	.LFE63
 1022 0039 0400     		.2byte	0x4
 1023 003b F3       		.byte	0xf3
 1024 003c 01       		.uleb128 0x1
 1025 003d 50       		.byte	0x50
 1026 003e 9F       		.byte	0x9f
 1027 003f 00000000 		.4byte	0
 1028 0043 00000000 		.4byte	0
 1029              	.LLST2:
ARM GAS  C:\Users\jrdia\AppData\Local\Temp\ccGVMrma.s 			page 21


 1030 0047 2C000000 		.4byte	.LVL10
 1031 004b 42000000 		.4byte	.LVL14
 1032 004f 0100     		.2byte	0x1
 1033 0051 54       		.byte	0x54
 1034 0052 00000000 		.4byte	0
 1035 0056 00000000 		.4byte	0
 1036              	.LLST3:
 1037 005a 50000000 		.4byte	.LVL18
 1038 005e 68000000 		.4byte	.LVL21
 1039 0062 0100     		.2byte	0x1
 1040 0064 51       		.byte	0x51
 1041 0065 72000000 		.4byte	.LVL22
 1042 0069 7A000000 		.4byte	.LVL23
 1043 006d 0100     		.2byte	0x1
 1044 006f 50       		.byte	0x50
 1045 0070 00000000 		.4byte	0
 1046 0074 00000000 		.4byte	0
 1047              	.LLST4:
 1048 0078 C4000000 		.4byte	.LVL35
 1049 007c DA000000 		.4byte	.LVL39
 1050 0080 0100     		.2byte	0x1
 1051 0082 53       		.byte	0x53
 1052 0083 DA000000 		.4byte	.LVL39
 1053 0087 DC000000 		.4byte	.LVL40
 1054 008b 0500     		.2byte	0x5
 1055 008d 73       		.byte	0x73
 1056 008e 00       		.sleb128 0
 1057 008f 34       		.byte	0x34
 1058 0090 25       		.byte	0x25
 1059 0091 9F       		.byte	0x9f
 1060 0092 DC000000 		.4byte	.LVL40
 1061 0096 E6000000 		.4byte	.LVL42
 1062 009a 0100     		.2byte	0x1
 1063 009c 53       		.byte	0x53
 1064 009d 00000000 		.4byte	0
 1065 00a1 00000000 		.4byte	0
 1066              	.LLST5:
 1067 00a5 06000000 		.4byte	.LVL5
 1068 00a9 0A000000 		.4byte	.LVL6
 1069 00ad 0200     		.2byte	0x2
 1070 00af 30       		.byte	0x30
 1071 00b0 9F       		.byte	0x9f
 1072 00b1 50000000 		.4byte	.LVL18
 1073 00b5 52000000 		.4byte	.LVL19
 1074 00b9 0200     		.2byte	0x2
 1075 00bb 30       		.byte	0x30
 1076 00bc 9F       		.byte	0x9f
 1077 00bd 52000000 		.4byte	.LVL19
 1078 00c1 54000000 		.4byte	.LVL20
 1079 00c5 0100     		.2byte	0x1
 1080 00c7 52       		.byte	0x52
 1081 00c8 54000000 		.4byte	.LVL20
 1082 00cc 9C000000 		.4byte	.LVL27
 1083 00d0 0100     		.2byte	0x1
 1084 00d2 54       		.byte	0x54
 1085 00d3 C4000000 		.4byte	.LVL35
 1086 00d7 C8000000 		.4byte	.LVL36
ARM GAS  C:\Users\jrdia\AppData\Local\Temp\ccGVMrma.s 			page 22


 1087 00db 0200     		.2byte	0x2
 1088 00dd 30       		.byte	0x30
 1089 00de 9F       		.byte	0x9f
 1090 00df C8000000 		.4byte	.LVL36
 1091 00e3 CA000000 		.4byte	.LVL37
 1092 00e7 0100     		.2byte	0x1
 1093 00e9 54       		.byte	0x54
 1094 00ea CA000000 		.4byte	.LVL37
 1095 00ee CC000000 		.4byte	.LVL38
 1096 00f2 0100     		.2byte	0x1
 1097 00f4 52       		.byte	0x52
 1098 00f5 CC000000 		.4byte	.LVL38
 1099 00f9 E4000000 		.4byte	.LVL41
 1100 00fd 0100     		.2byte	0x1
 1101 00ff 54       		.byte	0x54
 1102 0100 E4000000 		.4byte	.LVL41
 1103 0104 F2000000 		.4byte	.LVL43
 1104 0108 0300     		.2byte	0x3
 1105 010a 72       		.byte	0x72
 1106 010b 02       		.sleb128 2
 1107 010c 9F       		.byte	0x9f
 1108 010d F2000000 		.4byte	.LVL43
 1109 0111 F6000000 		.4byte	.LVL44
 1110 0115 0100     		.2byte	0x1
 1111 0117 54       		.byte	0x54
 1112 0118 F6000000 		.4byte	.LVL44
 1113 011c 04010000 		.4byte	.LVL45
 1114 0120 0300     		.2byte	0x3
 1115 0122 74       		.byte	0x74
 1116 0123 01       		.sleb128 1
 1117 0124 9F       		.byte	0x9f
 1118 0125 04010000 		.4byte	.LVL45
 1119 0129 28010000 		.4byte	.LVL49
 1120 012d 0100     		.2byte	0x1
 1121 012f 54       		.byte	0x54
 1122 0130 00000000 		.4byte	0
 1123 0134 00000000 		.4byte	0
 1124              	.LLST6:
 1125 0138 06000000 		.4byte	.LVL5
 1126 013c 0A000000 		.4byte	.LVL6
 1127 0140 0200     		.2byte	0x2
 1128 0142 31       		.byte	0x31
 1129 0143 9F       		.byte	0x9f
 1130 0144 0A000000 		.4byte	.LVL6
 1131 0148 26000000 		.4byte	.LVL8
 1132 014c 0100     		.2byte	0x1
 1133 014e 54       		.byte	0x54
 1134 014f 26000000 		.4byte	.LVL8
 1135 0153 44000000 		.4byte	.LVL15
 1136 0157 0100     		.2byte	0x1
 1137 0159 55       		.byte	0x55
 1138 015a 44000000 		.4byte	.LVL15
 1139 015e 4A000000 		.4byte	.LVL16
 1140 0162 0100     		.2byte	0x1
 1141 0164 54       		.byte	0x54
 1142 0165 4A000000 		.4byte	.LVL16
 1143 0169 9E000000 		.4byte	.LVL28
ARM GAS  C:\Users\jrdia\AppData\Local\Temp\ccGVMrma.s 			page 23


 1144 016d 0100     		.2byte	0x1
 1145 016f 55       		.byte	0x55
 1146 0170 9E000000 		.4byte	.LVL28
 1147 0174 A4000000 		.4byte	.LVL29
 1148 0178 0100     		.2byte	0x1
 1149 017a 54       		.byte	0x54
 1150 017b A4000000 		.4byte	.LVL29
 1151 017f B8000000 		.4byte	.LVL32
 1152 0183 0100     		.2byte	0x1
 1153 0185 55       		.byte	0x55
 1154 0186 B8000000 		.4byte	.LVL32
 1155 018a BE000000 		.4byte	.LVL33
 1156 018e 0100     		.2byte	0x1
 1157 0190 54       		.byte	0x54
 1158 0191 BE000000 		.4byte	.LVL33
 1159 0195 2A010000 		.4byte	.LVL50
 1160 0199 0100     		.2byte	0x1
 1161 019b 55       		.byte	0x55
 1162 019c 2A010000 		.4byte	.LVL50
 1163 01a0 3C010000 		.4byte	.LVL52
 1164 01a4 0100     		.2byte	0x1
 1165 01a6 54       		.byte	0x54
 1166 01a7 00000000 		.4byte	0
 1167 01ab 00000000 		.4byte	0
 1168              	.LLST7:
 1169 01af A4000000 		.4byte	.LVL29
 1170 01b3 AD000000 		.4byte	.LVL31-1
 1171 01b7 0A00     		.2byte	0xa
 1172 01b9 74       		.byte	0x74
 1173 01ba 00       		.sleb128 0
 1174 01bb 32       		.byte	0x32
 1175 01bc 24       		.byte	0x24
 1176 01bd 91       		.byte	0x91
 1177 01be 70       		.sleb128 -16
 1178 01bf 22       		.byte	0x22
 1179 01c0 08       		.byte	0x8
 1180 01c1 20       		.byte	0x20
 1181 01c2 1C       		.byte	0x1c
 1182 01c3 00000000 		.4byte	0
 1183 01c7 00000000 		.4byte	0
 1184              	.LLST8:
 1185 01cb 06000000 		.4byte	.LVL5
 1186 01cf 28000000 		.4byte	.LVL9
 1187 01d3 0300     		.2byte	0x3
 1188 01d5 91       		.byte	0x91
 1189 01d6 50       		.sleb128 -48
 1190 01d7 9F       		.byte	0x9f
 1191 01d8 28000000 		.4byte	.LVL9
 1192 01dc 2E000000 		.4byte	.LVL11
 1193 01e0 0100     		.2byte	0x1
 1194 01e2 53       		.byte	0x53
 1195 01e3 2E000000 		.4byte	.LVL11
 1196 01e7 4C000000 		.4byte	.LVL17
 1197 01eb 0300     		.2byte	0x3
 1198 01ed 91       		.byte	0x91
 1199 01ee 50       		.sleb128 -48
 1200 01ef 9F       		.byte	0x9f
ARM GAS  C:\Users\jrdia\AppData\Local\Temp\ccGVMrma.s 			page 24


 1201 01f0 4C000000 		.4byte	.LVL17
 1202 01f4 52000000 		.4byte	.LVL19
 1203 01f8 0100     		.2byte	0x1
 1204 01fa 53       		.byte	0x53
 1205 01fb 52000000 		.4byte	.LVL19
 1206 01ff A6000000 		.4byte	.LVL30
 1207 0203 0300     		.2byte	0x3
 1208 0205 91       		.byte	0x91
 1209 0206 50       		.sleb128 -48
 1210 0207 9F       		.byte	0x9f
 1211 0208 A6000000 		.4byte	.LVL30
 1212 020c AD000000 		.4byte	.LVL31-1
 1213 0210 0100     		.2byte	0x1
 1214 0212 53       		.byte	0x53
 1215 0213 AD000000 		.4byte	.LVL31-1
 1216 0217 C0000000 		.4byte	.LVL34
 1217 021b 0300     		.2byte	0x3
 1218 021d 91       		.byte	0x91
 1219 021e 50       		.sleb128 -48
 1220 021f 9F       		.byte	0x9f
 1221 0220 C0000000 		.4byte	.LVL34
 1222 0224 C4000000 		.4byte	.LVL35
 1223 0228 0100     		.2byte	0x1
 1224 022a 53       		.byte	0x53
 1225 022b C4000000 		.4byte	.LVL35
 1226 022f 3C010000 		.4byte	.LVL52
 1227 0233 0300     		.2byte	0x3
 1228 0235 91       		.byte	0x91
 1229 0236 50       		.sleb128 -48
 1230 0237 9F       		.byte	0x9f
 1231 0238 3C010000 		.4byte	.LVL52
 1232 023c 3E010000 		.4byte	.LVL53
 1233 0240 0100     		.2byte	0x1
 1234 0242 5D       		.byte	0x5d
 1235 0243 3E010000 		.4byte	.LVL53
 1236 0247 44010000 		.4byte	.LFE65
 1237 024b 0300     		.2byte	0x3
 1238 024d 91       		.byte	0x91
 1239 024e 50       		.sleb128 -48
 1240 024f 9F       		.byte	0x9f
 1241 0250 00000000 		.4byte	0
 1242 0254 00000000 		.4byte	0
 1243              		.section	.debug_aranges,"",%progbits
 1244 0000 2C000000 		.4byte	0x2c
 1245 0004 0200     		.2byte	0x2
 1246 0006 00000000 		.4byte	.Ldebug_info0
 1247 000a 04       		.byte	0x4
 1248 000b 00       		.byte	0
 1249 000c 0000     		.2byte	0
 1250 000e 0000     		.2byte	0
 1251 0010 00000000 		.4byte	.LFB64
 1252 0014 0C000000 		.4byte	.LFE64-.LFB64
 1253 0018 00000000 		.4byte	.LFB63
 1254 001c 08000000 		.4byte	.LFE63-.LFB63
 1255 0020 00000000 		.4byte	.LFB65
 1256 0024 44010000 		.4byte	.LFE65-.LFB65
 1257 0028 00000000 		.4byte	0
ARM GAS  C:\Users\jrdia\AppData\Local\Temp\ccGVMrma.s 			page 25


 1258 002c 00000000 		.4byte	0
 1259              		.section	.debug_ranges,"",%progbits
 1260              	.Ldebug_ranges0:
 1261 0000 00000000 		.4byte	.LFB64
 1262 0004 0C000000 		.4byte	.LFE64
 1263 0008 00000000 		.4byte	.LFB63
 1264 000c 08000000 		.4byte	.LFE63
 1265 0010 00000000 		.4byte	.LFB65
 1266 0014 44010000 		.4byte	.LFE65
 1267 0018 00000000 		.4byte	0
 1268 001c 00000000 		.4byte	0
 1269              		.section	.debug_line,"",%progbits
 1270              	.Ldebug_line0:
 1271 0000 F9010000 		.section	.debug_str,"MS",%progbits,1
 1271      02005B01 
 1271      00000201 
 1271      FB0E0D00 
 1271      01010101 
 1272              	.LASF33:
 1273 0000 69707269 		.ascii	"iprintf\000"
 1273      6E746600 
 1274              	.LASF9:
 1275 0008 5F5F696E 		.ascii	"__int32_t\000"
 1275      7433325F 
 1275      7400
 1276              	.LASF20:
 1277 0012 70737A46 		.ascii	"pszFmt\000"
 1277      6D7400
 1278              	.LASF13:
 1279 0019 666C6F61 		.ascii	"float\000"
 1279      7400
 1280              	.LASF1:
 1281 001f 756E7369 		.ascii	"unsigned char\000"
 1281      676E6564 
 1281      20636861 
 1281      7200
 1282              	.LASF26:
 1283 002d 6356616C 		.ascii	"cVal\000"
 1283      00
 1284              	.LASF15:
 1285 0032 63686172 		.ascii	"char8\000"
 1285      3800
 1286              	.LASF21:
 1287 0038 70737A56 		.ascii	"pszVal\000"
 1287      616C00
 1288              	.LASF5:
 1289 003f 6C6F6E67 		.ascii	"long unsigned int\000"
 1289      20756E73 
 1289      69676E65 
 1289      6420696E 
 1289      7400
 1290              	.LASF29:
 1291 0051 69707269 		.ascii	"iprintf.c\000"
 1291      6E74662E 
 1291      6300
 1292              	.LASF3:
 1293 005b 73686F72 		.ascii	"short unsigned int\000"
ARM GAS  C:\Users\jrdia\AppData\Local\Temp\ccGVMrma.s 			page 26


 1293      7420756E 
 1293      7369676E 
 1293      65642069 
 1293      6E7400
 1294              	.LASF34:
 1295 006e 49544D5F 		.ascii	"ITM_RxBuffer\000"
 1295      52784275 
 1295      66666572 
 1295      00
 1296              	.LASF14:
 1297 007b 646F7562 		.ascii	"double\000"
 1297      6C6500
 1298              	.LASF32:
 1299 0082 69707574 		.ascii	"iputc\000"
 1299      6300
 1300              	.LASF12:
 1301 0088 75696E74 		.ascii	"uint32\000"
 1301      333200
 1302              	.LASF35:
 1303 008f 55415254 		.ascii	"UART_1_PutChar\000"
 1303      5F315F50 
 1303      75744368 
 1303      617200
 1304              	.LASF8:
 1305 009e 756E7369 		.ascii	"unsigned int\000"
 1305      676E6564 
 1305      20696E74 
 1305      00
 1306              	.LASF22:
 1307 00ab 6956616C 		.ascii	"iVal\000"
 1307      00
 1308              	.LASF7:
 1309 00b0 6C6F6E67 		.ascii	"long long unsigned int\000"
 1309      206C6F6E 
 1309      6720756E 
 1309      7369676E 
 1309      65642069 
 1310              	.LASF23:
 1311 00c7 7856616C 		.ascii	"xVal\000"
 1311      00
 1312              	.LASF31:
 1313 00cc 6368616E 		.ascii	"change\000"
 1313      676500
 1314              	.LASF28:
 1315 00d3 474E5520 		.ascii	"GNU C11 5.4.1 20160609 (release) [ARM/embedded-5-br"
 1315      43313120 
 1315      352E342E 
 1315      31203230 
 1315      31363036 
 1316 0106 616E6368 		.ascii	"anch revision 237715] -mcpu=cortex-m3 -mthumb -g -O"
 1316      20726576 
 1316      6973696F 
 1316      6E203233 
 1316      37373135 
 1317 0139 67202D66 		.ascii	"g -ffunction-sections -ffat-lto-objects\000"
 1317      66756E63 
 1317      74696F6E 
ARM GAS  C:\Users\jrdia\AppData\Local\Temp\ccGVMrma.s 			page 27


 1317      2D736563 
 1317      74696F6E 
 1318              	.LASF10:
 1319 0161 696E7433 		.ascii	"int32_t\000"
 1319      325F7400 
 1320              	.LASF18:
 1321 0169 73697A65 		.ascii	"sizetype\000"
 1321      74797065 
 1321      00
 1322              	.LASF6:
 1323 0172 6C6F6E67 		.ascii	"long long int\000"
 1323      206C6F6E 
 1323      6720696E 
 1323      7400
 1324              	.LASF27:
 1325 0180 70417267 		.ascii	"pArg\000"
 1325      00
 1326              	.LASF16:
 1327 0185 63686172 		.ascii	"char\000"
 1327      00
 1328              	.LASF25:
 1329 018a 696E6465 		.ascii	"index\000"
 1329      7800
 1330              	.LASF2:
 1331 0190 73686F72 		.ascii	"short int\000"
 1331      7420696E 
 1331      7400
 1332              	.LASF24:
 1333 019a 62756666 		.ascii	"buffer\000"
 1333      657200
 1334              	.LASF11:
 1335 01a1 75696E74 		.ascii	"uint8\000"
 1335      3800
 1336              	.LASF30:
 1337 01a7 433A5C55 		.ascii	"C:\\Users\\jrdia\\OneDrive\\Sync\\Documents\\GitHub"
 1337      73657273 
 1337      5C6A7264 
 1337      69615C4F 
 1337      6E654472 
 1338 01d4 5C50536F 		.ascii	"\\PSoC-Composite-Decoder\\Composite_Decoder.cydsn\000"
 1338      432D436F 
 1338      6D706F73 
 1338      6974652D 
 1338      4465636F 
 1339              	.LASF4:
 1340 0204 6C6F6E67 		.ascii	"long int\000"
 1340      20696E74 
 1340      00
 1341              	.LASF17:
 1342 020d 6C6F6E67 		.ascii	"long double\000"
 1342      20646F75 
 1342      626C6500 
 1343              	.LASF0:
 1344 0219 7369676E 		.ascii	"signed char\000"
 1344      65642063 
 1344      68617200 
 1345              	.LASF19:
ARM GAS  C:\Users\jrdia\AppData\Local\Temp\ccGVMrma.s 			page 28


 1346 0225 496E6465 		.ascii	"Index\000"
 1346      7800
 1347              		.ident	"GCC: (GNU Tools for ARM Embedded Processors) 5.4.1 20160609 (release) [ARM/embedded-5-bran
