ARM GAS  C:\Users\jrdia\AppData\Local\Temp\cckOCIeS.s 			page 1


   1              		.syntax unified
   2              		.cpu cortex-m3
   3              		.fpu softvfp
   4              		.eabi_attribute 20, 1
   5              		.eabi_attribute 21, 1
   6              		.eabi_attribute 23, 3
   7              		.eabi_attribute 24, 1
   8              		.eabi_attribute 25, 1
   9              		.eabi_attribute 26, 1
  10              		.eabi_attribute 30, 1
  11              		.eabi_attribute 34, 1
  12              		.eabi_attribute 18, 4
  13              		.thumb
  14              		.syntax unified
  15              		.file	"Pixel_ShiftReg.c"
  16              		.text
  17              	.Ltext0:
  18              		.cfi_sections	.debug_frame
  19              		.section	.text.Pixel_ShiftReg_EnableInt,"ax",%progbits
  20              		.align	2
  21              		.global	Pixel_ShiftReg_EnableInt
  22              		.thumb
  23              		.thumb_func
  24              		.type	Pixel_ShiftReg_EnableInt, %function
  25              	Pixel_ShiftReg_EnableInt:
  26              	.LFB4:
  27              		.file 1 "Generated_Source\\PSoC5\\Pixel_ShiftReg.c"
   1:Generated_Source\PSoC5/Pixel_ShiftReg.c **** /*******************************************************************************
   2:Generated_Source\PSoC5/Pixel_ShiftReg.c **** * File Name: Pixel_ShiftReg.c
   3:Generated_Source\PSoC5/Pixel_ShiftReg.c **** * Version 2.30
   4:Generated_Source\PSoC5/Pixel_ShiftReg.c **** *
   5:Generated_Source\PSoC5/Pixel_ShiftReg.c **** * Description:
   6:Generated_Source\PSoC5/Pixel_ShiftReg.c **** *  This file provides the API source code for the Shift Register component.
   7:Generated_Source\PSoC5/Pixel_ShiftReg.c **** *
   8:Generated_Source\PSoC5/Pixel_ShiftReg.c **** * Note: none
   9:Generated_Source\PSoC5/Pixel_ShiftReg.c **** *
  10:Generated_Source\PSoC5/Pixel_ShiftReg.c **** ********************************************************************************
  11:Generated_Source\PSoC5/Pixel_ShiftReg.c **** * Copyright 2008-2013, Cypress Semiconductor Corporation.  All rights reserved.
  12:Generated_Source\PSoC5/Pixel_ShiftReg.c **** * You may use this file only in accordance with the license, terms, conditions,
  13:Generated_Source\PSoC5/Pixel_ShiftReg.c **** * disclaimers, and limitations in the end user license agreement accompanying
  14:Generated_Source\PSoC5/Pixel_ShiftReg.c **** * the software package with which this file was provided.
  15:Generated_Source\PSoC5/Pixel_ShiftReg.c **** ********************************************************************************/
  16:Generated_Source\PSoC5/Pixel_ShiftReg.c **** 
  17:Generated_Source\PSoC5/Pixel_ShiftReg.c **** #include "Pixel_ShiftReg.h"
  18:Generated_Source\PSoC5/Pixel_ShiftReg.c **** 
  19:Generated_Source\PSoC5/Pixel_ShiftReg.c **** uint8 Pixel_ShiftReg_initVar = 0u;
  20:Generated_Source\PSoC5/Pixel_ShiftReg.c **** 
  21:Generated_Source\PSoC5/Pixel_ShiftReg.c **** 
  22:Generated_Source\PSoC5/Pixel_ShiftReg.c **** /*******************************************************************************
  23:Generated_Source\PSoC5/Pixel_ShiftReg.c **** * Function Name: Pixel_ShiftReg_Start
  24:Generated_Source\PSoC5/Pixel_ShiftReg.c **** ********************************************************************************
  25:Generated_Source\PSoC5/Pixel_ShiftReg.c **** *
  26:Generated_Source\PSoC5/Pixel_ShiftReg.c **** * Summary:
  27:Generated_Source\PSoC5/Pixel_ShiftReg.c **** *  Starts the Shift Register.
  28:Generated_Source\PSoC5/Pixel_ShiftReg.c **** *
  29:Generated_Source\PSoC5/Pixel_ShiftReg.c **** * Parameters:
  30:Generated_Source\PSoC5/Pixel_ShiftReg.c **** *  None.
ARM GAS  C:\Users\jrdia\AppData\Local\Temp\cckOCIeS.s 			page 2


  31:Generated_Source\PSoC5/Pixel_ShiftReg.c **** *
  32:Generated_Source\PSoC5/Pixel_ShiftReg.c **** * Return:
  33:Generated_Source\PSoC5/Pixel_ShiftReg.c **** *  None.
  34:Generated_Source\PSoC5/Pixel_ShiftReg.c **** *
  35:Generated_Source\PSoC5/Pixel_ShiftReg.c **** * Global Variables:
  36:Generated_Source\PSoC5/Pixel_ShiftReg.c **** *  Pixel_ShiftReg_initVar - used to check initial configuration, modified on
  37:Generated_Source\PSoC5/Pixel_ShiftReg.c **** *  first function call.
  38:Generated_Source\PSoC5/Pixel_ShiftReg.c **** *
  39:Generated_Source\PSoC5/Pixel_ShiftReg.c **** * Reentrant:
  40:Generated_Source\PSoC5/Pixel_ShiftReg.c **** *  No.
  41:Generated_Source\PSoC5/Pixel_ShiftReg.c **** *
  42:Generated_Source\PSoC5/Pixel_ShiftReg.c **** *******************************************************************************/
  43:Generated_Source\PSoC5/Pixel_ShiftReg.c **** void Pixel_ShiftReg_Start(void) 
  44:Generated_Source\PSoC5/Pixel_ShiftReg.c **** {
  45:Generated_Source\PSoC5/Pixel_ShiftReg.c ****     if(0u == Pixel_ShiftReg_initVar)
  46:Generated_Source\PSoC5/Pixel_ShiftReg.c ****     {
  47:Generated_Source\PSoC5/Pixel_ShiftReg.c ****         Pixel_ShiftReg_Init();
  48:Generated_Source\PSoC5/Pixel_ShiftReg.c ****         Pixel_ShiftReg_initVar = 1u; /* Component initialized */
  49:Generated_Source\PSoC5/Pixel_ShiftReg.c ****     }
  50:Generated_Source\PSoC5/Pixel_ShiftReg.c **** 
  51:Generated_Source\PSoC5/Pixel_ShiftReg.c ****     Pixel_ShiftReg_Enable();
  52:Generated_Source\PSoC5/Pixel_ShiftReg.c **** }
  53:Generated_Source\PSoC5/Pixel_ShiftReg.c **** 
  54:Generated_Source\PSoC5/Pixel_ShiftReg.c **** 
  55:Generated_Source\PSoC5/Pixel_ShiftReg.c **** /*******************************************************************************
  56:Generated_Source\PSoC5/Pixel_ShiftReg.c **** * Function Name: Pixel_ShiftReg_Enable
  57:Generated_Source\PSoC5/Pixel_ShiftReg.c **** ********************************************************************************
  58:Generated_Source\PSoC5/Pixel_ShiftReg.c **** *
  59:Generated_Source\PSoC5/Pixel_ShiftReg.c **** * Summary:
  60:Generated_Source\PSoC5/Pixel_ShiftReg.c **** *  Enables the Shift Register.
  61:Generated_Source\PSoC5/Pixel_ShiftReg.c **** *
  62:Generated_Source\PSoC5/Pixel_ShiftReg.c **** * Parameters:
  63:Generated_Source\PSoC5/Pixel_ShiftReg.c **** *  void.
  64:Generated_Source\PSoC5/Pixel_ShiftReg.c **** *
  65:Generated_Source\PSoC5/Pixel_ShiftReg.c **** * Return:
  66:Generated_Source\PSoC5/Pixel_ShiftReg.c **** *  void.
  67:Generated_Source\PSoC5/Pixel_ShiftReg.c **** *
  68:Generated_Source\PSoC5/Pixel_ShiftReg.c **** *******************************************************************************/
  69:Generated_Source\PSoC5/Pixel_ShiftReg.c **** void Pixel_ShiftReg_Enable(void) 
  70:Generated_Source\PSoC5/Pixel_ShiftReg.c **** {
  71:Generated_Source\PSoC5/Pixel_ShiftReg.c ****     /* Changing address in Datapath Control Store
  72:Generated_Source\PSoC5/Pixel_ShiftReg.c ****        from NOP to component state machine commands space */
  73:Generated_Source\PSoC5/Pixel_ShiftReg.c ****     Pixel_ShiftReg_SR_CONTROL |= Pixel_ShiftReg_CLK_EN;
  74:Generated_Source\PSoC5/Pixel_ShiftReg.c **** 
  75:Generated_Source\PSoC5/Pixel_ShiftReg.c ****     Pixel_ShiftReg_EnableInt();
  76:Generated_Source\PSoC5/Pixel_ShiftReg.c **** }
  77:Generated_Source\PSoC5/Pixel_ShiftReg.c **** 
  78:Generated_Source\PSoC5/Pixel_ShiftReg.c **** 
  79:Generated_Source\PSoC5/Pixel_ShiftReg.c **** /*******************************************************************************
  80:Generated_Source\PSoC5/Pixel_ShiftReg.c **** * Function Name: Pixel_ShiftReg_Init
  81:Generated_Source\PSoC5/Pixel_ShiftReg.c **** ********************************************************************************
  82:Generated_Source\PSoC5/Pixel_ShiftReg.c **** *
  83:Generated_Source\PSoC5/Pixel_ShiftReg.c **** * Summary:
  84:Generated_Source\PSoC5/Pixel_ShiftReg.c **** *  Initializes Tx and/or Rx interrupt sources with initial values.
  85:Generated_Source\PSoC5/Pixel_ShiftReg.c **** *
  86:Generated_Source\PSoC5/Pixel_ShiftReg.c **** * Parameters:
  87:Generated_Source\PSoC5/Pixel_ShiftReg.c **** *  void.
ARM GAS  C:\Users\jrdia\AppData\Local\Temp\cckOCIeS.s 			page 3


  88:Generated_Source\PSoC5/Pixel_ShiftReg.c **** *
  89:Generated_Source\PSoC5/Pixel_ShiftReg.c **** * Return:
  90:Generated_Source\PSoC5/Pixel_ShiftReg.c **** *  void.
  91:Generated_Source\PSoC5/Pixel_ShiftReg.c **** *
  92:Generated_Source\PSoC5/Pixel_ShiftReg.c **** *******************************************************************************/
  93:Generated_Source\PSoC5/Pixel_ShiftReg.c **** void Pixel_ShiftReg_Init(void) 
  94:Generated_Source\PSoC5/Pixel_ShiftReg.c **** {
  95:Generated_Source\PSoC5/Pixel_ShiftReg.c ****     Pixel_ShiftReg_SetIntMode(Pixel_ShiftReg_INT_SRC);
  96:Generated_Source\PSoC5/Pixel_ShiftReg.c **** }
  97:Generated_Source\PSoC5/Pixel_ShiftReg.c **** 
  98:Generated_Source\PSoC5/Pixel_ShiftReg.c **** 
  99:Generated_Source\PSoC5/Pixel_ShiftReg.c **** /*******************************************************************************
 100:Generated_Source\PSoC5/Pixel_ShiftReg.c **** * Function Name: Pixel_ShiftReg_Stop
 101:Generated_Source\PSoC5/Pixel_ShiftReg.c **** ********************************************************************************
 102:Generated_Source\PSoC5/Pixel_ShiftReg.c **** *
 103:Generated_Source\PSoC5/Pixel_ShiftReg.c **** * Summary:
 104:Generated_Source\PSoC5/Pixel_ShiftReg.c **** *  Disables the Shift Register
 105:Generated_Source\PSoC5/Pixel_ShiftReg.c **** *
 106:Generated_Source\PSoC5/Pixel_ShiftReg.c **** * Parameters:
 107:Generated_Source\PSoC5/Pixel_ShiftReg.c **** *  None.
 108:Generated_Source\PSoC5/Pixel_ShiftReg.c **** *
 109:Generated_Source\PSoC5/Pixel_ShiftReg.c **** * Return:
 110:Generated_Source\PSoC5/Pixel_ShiftReg.c **** *  None.
 111:Generated_Source\PSoC5/Pixel_ShiftReg.c **** *
 112:Generated_Source\PSoC5/Pixel_ShiftReg.c **** *******************************************************************************/
 113:Generated_Source\PSoC5/Pixel_ShiftReg.c **** void Pixel_ShiftReg_Stop(void) 
 114:Generated_Source\PSoC5/Pixel_ShiftReg.c **** {
 115:Generated_Source\PSoC5/Pixel_ShiftReg.c ****     /*changing Datapath Control Store address to NOP space*/
 116:Generated_Source\PSoC5/Pixel_ShiftReg.c ****     Pixel_ShiftReg_SR_CONTROL &= ((uint8) ~Pixel_ShiftReg_CLK_EN);
 117:Generated_Source\PSoC5/Pixel_ShiftReg.c ****     Pixel_ShiftReg_DisableInt();
 118:Generated_Source\PSoC5/Pixel_ShiftReg.c **** }
 119:Generated_Source\PSoC5/Pixel_ShiftReg.c **** 
 120:Generated_Source\PSoC5/Pixel_ShiftReg.c **** 
 121:Generated_Source\PSoC5/Pixel_ShiftReg.c **** /*******************************************************************************
 122:Generated_Source\PSoC5/Pixel_ShiftReg.c **** * Function Name: Pixel_ShiftReg_EnableInt
 123:Generated_Source\PSoC5/Pixel_ShiftReg.c **** ********************************************************************************
 124:Generated_Source\PSoC5/Pixel_ShiftReg.c **** *
 125:Generated_Source\PSoC5/Pixel_ShiftReg.c **** * Summary:
 126:Generated_Source\PSoC5/Pixel_ShiftReg.c **** *  Enables the Shift Register interrupt.
 127:Generated_Source\PSoC5/Pixel_ShiftReg.c **** *
 128:Generated_Source\PSoC5/Pixel_ShiftReg.c **** * Parameters:
 129:Generated_Source\PSoC5/Pixel_ShiftReg.c **** *  None.
 130:Generated_Source\PSoC5/Pixel_ShiftReg.c **** *
 131:Generated_Source\PSoC5/Pixel_ShiftReg.c **** * Return:
 132:Generated_Source\PSoC5/Pixel_ShiftReg.c **** *  None.
 133:Generated_Source\PSoC5/Pixel_ShiftReg.c **** *
 134:Generated_Source\PSoC5/Pixel_ShiftReg.c **** *******************************************************************************/
 135:Generated_Source\PSoC5/Pixel_ShiftReg.c **** void Pixel_ShiftReg_EnableInt(void) 
 136:Generated_Source\PSoC5/Pixel_ShiftReg.c **** {
  28              		.loc 1 136 0
  29              		.cfi_startproc
  30              		@ args = 0, pretend = 0, frame = 0
  31              		@ frame_needed = 0, uses_anonymous_args = 0
  32 0000 08B5     		push	{r3, lr}
  33              		.cfi_def_cfa_offset 8
  34              		.cfi_offset 3, -8
  35              		.cfi_offset 14, -4
ARM GAS  C:\Users\jrdia\AppData\Local\Temp\cckOCIeS.s 			page 4


 137:Generated_Source\PSoC5/Pixel_ShiftReg.c ****     uint8 interruptState;
 138:Generated_Source\PSoC5/Pixel_ShiftReg.c **** 
 139:Generated_Source\PSoC5/Pixel_ShiftReg.c ****     interruptState = CyEnterCriticalSection();
  36              		.loc 1 139 0
  37 0002 FFF7FEFF 		bl	CyEnterCriticalSection
  38              	.LVL0:
 140:Generated_Source\PSoC5/Pixel_ShiftReg.c ****     Pixel_ShiftReg_SR_AUX_CONTROL |= Pixel_ShiftReg_INTERRUPTS_ENABLE;
  39              		.loc 1 140 0
  40 0006 044A     		ldr	r2, .L3
  41 0008 1378     		ldrb	r3, [r2]	@ zero_extendqisi2
  42 000a 43F01003 		orr	r3, r3, #16
  43 000e 1370     		strb	r3, [r2]
 141:Generated_Source\PSoC5/Pixel_ShiftReg.c ****     CyExitCriticalSection(interruptState);
  44              		.loc 1 141 0
  45 0010 FFF7FEFF 		bl	CyExitCriticalSection
  46              	.LVL1:
  47 0014 08BD     		pop	{r3, pc}
  48              	.L4:
  49 0016 00BF     		.align	2
  50              	.L3:
  51 0018 9D640040 		.word	1073767581
  52              		.cfi_endproc
  53              	.LFE4:
  54              		.size	Pixel_ShiftReg_EnableInt, .-Pixel_ShiftReg_EnableInt
  55              		.section	.text.Pixel_ShiftReg_Enable,"ax",%progbits
  56              		.align	2
  57              		.global	Pixel_ShiftReg_Enable
  58              		.thumb
  59              		.thumb_func
  60              		.type	Pixel_ShiftReg_Enable, %function
  61              	Pixel_ShiftReg_Enable:
  62              	.LFB1:
  70:Generated_Source\PSoC5/Pixel_ShiftReg.c ****     /* Changing address in Datapath Control Store
  63              		.loc 1 70 0
  64              		.cfi_startproc
  65              		@ args = 0, pretend = 0, frame = 0
  66              		@ frame_needed = 0, uses_anonymous_args = 0
  67 0000 08B5     		push	{r3, lr}
  68              		.cfi_def_cfa_offset 8
  69              		.cfi_offset 3, -8
  70              		.cfi_offset 14, -4
  73:Generated_Source\PSoC5/Pixel_ShiftReg.c **** 
  71              		.loc 1 73 0
  72 0002 044A     		ldr	r2, .L7
  73 0004 1378     		ldrb	r3, [r2]	@ zero_extendqisi2
  74 0006 43F00103 		orr	r3, r3, #1
  75 000a 1370     		strb	r3, [r2]
  75:Generated_Source\PSoC5/Pixel_ShiftReg.c **** }
  76              		.loc 1 75 0
  77 000c FFF7FEFF 		bl	Pixel_ShiftReg_EnableInt
  78              	.LVL2:
  79 0010 08BD     		pop	{r3, pc}
  80              	.L8:
  81 0012 00BF     		.align	2
  82              	.L7:
  83 0014 7D640040 		.word	1073767549
  84              		.cfi_endproc
ARM GAS  C:\Users\jrdia\AppData\Local\Temp\cckOCIeS.s 			page 5


  85              	.LFE1:
  86              		.size	Pixel_ShiftReg_Enable, .-Pixel_ShiftReg_Enable
  87              		.section	.text.Pixel_ShiftReg_DisableInt,"ax",%progbits
  88              		.align	2
  89              		.global	Pixel_ShiftReg_DisableInt
  90              		.thumb
  91              		.thumb_func
  92              		.type	Pixel_ShiftReg_DisableInt, %function
  93              	Pixel_ShiftReg_DisableInt:
  94              	.LFB5:
 142:Generated_Source\PSoC5/Pixel_ShiftReg.c **** }
 143:Generated_Source\PSoC5/Pixel_ShiftReg.c **** 
 144:Generated_Source\PSoC5/Pixel_ShiftReg.c **** 
 145:Generated_Source\PSoC5/Pixel_ShiftReg.c **** /*******************************************************************************
 146:Generated_Source\PSoC5/Pixel_ShiftReg.c **** * Function Name: Pixel_ShiftReg_DisableInt
 147:Generated_Source\PSoC5/Pixel_ShiftReg.c **** ********************************************************************************
 148:Generated_Source\PSoC5/Pixel_ShiftReg.c **** *
 149:Generated_Source\PSoC5/Pixel_ShiftReg.c **** * Summary:
 150:Generated_Source\PSoC5/Pixel_ShiftReg.c **** *  Disables the Shift Register interrupt.
 151:Generated_Source\PSoC5/Pixel_ShiftReg.c **** *
 152:Generated_Source\PSoC5/Pixel_ShiftReg.c **** * Parameters:
 153:Generated_Source\PSoC5/Pixel_ShiftReg.c **** *  None.
 154:Generated_Source\PSoC5/Pixel_ShiftReg.c **** *
 155:Generated_Source\PSoC5/Pixel_ShiftReg.c **** * Return:
 156:Generated_Source\PSoC5/Pixel_ShiftReg.c **** *  None.
 157:Generated_Source\PSoC5/Pixel_ShiftReg.c **** *
 158:Generated_Source\PSoC5/Pixel_ShiftReg.c **** *******************************************************************************/
 159:Generated_Source\PSoC5/Pixel_ShiftReg.c **** void Pixel_ShiftReg_DisableInt(void) 
 160:Generated_Source\PSoC5/Pixel_ShiftReg.c **** {
  95              		.loc 1 160 0
  96              		.cfi_startproc
  97              		@ args = 0, pretend = 0, frame = 0
  98              		@ frame_needed = 0, uses_anonymous_args = 0
  99 0000 08B5     		push	{r3, lr}
 100              		.cfi_def_cfa_offset 8
 101              		.cfi_offset 3, -8
 102              		.cfi_offset 14, -4
 161:Generated_Source\PSoC5/Pixel_ShiftReg.c ****     uint8 interruptState;
 162:Generated_Source\PSoC5/Pixel_ShiftReg.c **** 
 163:Generated_Source\PSoC5/Pixel_ShiftReg.c ****     interruptState = CyEnterCriticalSection();
 103              		.loc 1 163 0
 104 0002 FFF7FEFF 		bl	CyEnterCriticalSection
 105              	.LVL3:
 164:Generated_Source\PSoC5/Pixel_ShiftReg.c ****     Pixel_ShiftReg_SR_AUX_CONTROL &= ((uint8) ~Pixel_ShiftReg_INTERRUPTS_ENABLE);
 106              		.loc 1 164 0
 107 0006 044A     		ldr	r2, .L11
 108 0008 1378     		ldrb	r3, [r2]	@ zero_extendqisi2
 109 000a 03F0EF03 		and	r3, r3, #239
 110 000e 1370     		strb	r3, [r2]
 165:Generated_Source\PSoC5/Pixel_ShiftReg.c ****     CyExitCriticalSection(interruptState);
 111              		.loc 1 165 0
 112 0010 FFF7FEFF 		bl	CyExitCriticalSection
 113              	.LVL4:
 114 0014 08BD     		pop	{r3, pc}
 115              	.L12:
 116 0016 00BF     		.align	2
 117              	.L11:
ARM GAS  C:\Users\jrdia\AppData\Local\Temp\cckOCIeS.s 			page 6


 118 0018 9D640040 		.word	1073767581
 119              		.cfi_endproc
 120              	.LFE5:
 121              		.size	Pixel_ShiftReg_DisableInt, .-Pixel_ShiftReg_DisableInt
 122              		.section	.text.Pixel_ShiftReg_Stop,"ax",%progbits
 123              		.align	2
 124              		.global	Pixel_ShiftReg_Stop
 125              		.thumb
 126              		.thumb_func
 127              		.type	Pixel_ShiftReg_Stop, %function
 128              	Pixel_ShiftReg_Stop:
 129              	.LFB3:
 114:Generated_Source\PSoC5/Pixel_ShiftReg.c ****     /*changing Datapath Control Store address to NOP space*/
 130              		.loc 1 114 0
 131              		.cfi_startproc
 132              		@ args = 0, pretend = 0, frame = 0
 133              		@ frame_needed = 0, uses_anonymous_args = 0
 134 0000 08B5     		push	{r3, lr}
 135              		.cfi_def_cfa_offset 8
 136              		.cfi_offset 3, -8
 137              		.cfi_offset 14, -4
 116:Generated_Source\PSoC5/Pixel_ShiftReg.c ****     Pixel_ShiftReg_DisableInt();
 138              		.loc 1 116 0
 139 0002 044A     		ldr	r2, .L15
 140 0004 1378     		ldrb	r3, [r2]	@ zero_extendqisi2
 141 0006 03F0FE03 		and	r3, r3, #254
 142 000a 1370     		strb	r3, [r2]
 117:Generated_Source\PSoC5/Pixel_ShiftReg.c **** }
 143              		.loc 1 117 0
 144 000c FFF7FEFF 		bl	Pixel_ShiftReg_DisableInt
 145              	.LVL5:
 146 0010 08BD     		pop	{r3, pc}
 147              	.L16:
 148 0012 00BF     		.align	2
 149              	.L15:
 150 0014 7D640040 		.word	1073767549
 151              		.cfi_endproc
 152              	.LFE3:
 153              		.size	Pixel_ShiftReg_Stop, .-Pixel_ShiftReg_Stop
 154              		.section	.text.Pixel_ShiftReg_GetFIFOStatus,"ax",%progbits
 155              		.align	2
 156              		.global	Pixel_ShiftReg_GetFIFOStatus
 157              		.thumb
 158              		.thumb_func
 159              		.type	Pixel_ShiftReg_GetFIFOStatus, %function
 160              	Pixel_ShiftReg_GetFIFOStatus:
 161              	.LFB6:
 166:Generated_Source\PSoC5/Pixel_ShiftReg.c **** }
 167:Generated_Source\PSoC5/Pixel_ShiftReg.c **** 
 168:Generated_Source\PSoC5/Pixel_ShiftReg.c **** 
 169:Generated_Source\PSoC5/Pixel_ShiftReg.c **** /*******************************************************************************
 170:Generated_Source\PSoC5/Pixel_ShiftReg.c **** * Function Name: Pixel_ShiftReg_GetFIFOStatus
 171:Generated_Source\PSoC5/Pixel_ShiftReg.c **** ********************************************************************************
 172:Generated_Source\PSoC5/Pixel_ShiftReg.c **** *
 173:Generated_Source\PSoC5/Pixel_ShiftReg.c **** * Summary:
 174:Generated_Source\PSoC5/Pixel_ShiftReg.c **** *  Returns current status of input or output FIFO.
 175:Generated_Source\PSoC5/Pixel_ShiftReg.c **** *
ARM GAS  C:\Users\jrdia\AppData\Local\Temp\cckOCIeS.s 			page 7


 176:Generated_Source\PSoC5/Pixel_ShiftReg.c **** * Parameters:
 177:Generated_Source\PSoC5/Pixel_ShiftReg.c **** *  fifoId.
 178:Generated_Source\PSoC5/Pixel_ShiftReg.c **** *
 179:Generated_Source\PSoC5/Pixel_ShiftReg.c **** * Return:
 180:Generated_Source\PSoC5/Pixel_ShiftReg.c **** *  FIFO status.
 181:Generated_Source\PSoC5/Pixel_ShiftReg.c **** *
 182:Generated_Source\PSoC5/Pixel_ShiftReg.c **** *******************************************************************************/
 183:Generated_Source\PSoC5/Pixel_ShiftReg.c **** uint8 Pixel_ShiftReg_GetFIFOStatus(uint8 fifoId) 
 184:Generated_Source\PSoC5/Pixel_ShiftReg.c **** {
 162              		.loc 1 184 0
 163              		.cfi_startproc
 164              		@ args = 0, pretend = 0, frame = 0
 165              		@ frame_needed = 0, uses_anonymous_args = 0
 166              		@ link register save eliminated.
 167              	.LVL6:
 185:Generated_Source\PSoC5/Pixel_ShiftReg.c ****     uint8 result;
 186:Generated_Source\PSoC5/Pixel_ShiftReg.c **** 
 187:Generated_Source\PSoC5/Pixel_ShiftReg.c ****     result = Pixel_ShiftReg_RET_FIFO_NOT_DEFINED;
 188:Generated_Source\PSoC5/Pixel_ShiftReg.c **** 
 189:Generated_Source\PSoC5/Pixel_ShiftReg.c ****     #if(0u != Pixel_ShiftReg_USE_INPUT_FIFO)
 190:Generated_Source\PSoC5/Pixel_ShiftReg.c ****         if(Pixel_ShiftReg_IN_FIFO == fifoId)
 191:Generated_Source\PSoC5/Pixel_ShiftReg.c ****         {
 192:Generated_Source\PSoC5/Pixel_ShiftReg.c ****             switch(Pixel_ShiftReg_GET_IN_FIFO_STS)
 193:Generated_Source\PSoC5/Pixel_ShiftReg.c ****             {
 194:Generated_Source\PSoC5/Pixel_ShiftReg.c ****                 case Pixel_ShiftReg_IN_FIFO_FULL :
 195:Generated_Source\PSoC5/Pixel_ShiftReg.c ****                     result = Pixel_ShiftReg_RET_FIFO_FULL;
 196:Generated_Source\PSoC5/Pixel_ShiftReg.c ****                     break;
 197:Generated_Source\PSoC5/Pixel_ShiftReg.c **** 
 198:Generated_Source\PSoC5/Pixel_ShiftReg.c ****                 case Pixel_ShiftReg_IN_FIFO_EMPTY :
 199:Generated_Source\PSoC5/Pixel_ShiftReg.c ****                     result = Pixel_ShiftReg_RET_FIFO_EMPTY;
 200:Generated_Source\PSoC5/Pixel_ShiftReg.c ****                     break;
 201:Generated_Source\PSoC5/Pixel_ShiftReg.c **** 
 202:Generated_Source\PSoC5/Pixel_ShiftReg.c ****                 case Pixel_ShiftReg_IN_FIFO_PARTIAL:
 203:Generated_Source\PSoC5/Pixel_ShiftReg.c ****                     result = Pixel_ShiftReg_RET_FIFO_PARTIAL;
 204:Generated_Source\PSoC5/Pixel_ShiftReg.c ****                     break;
 205:Generated_Source\PSoC5/Pixel_ShiftReg.c ****                     
 206:Generated_Source\PSoC5/Pixel_ShiftReg.c ****                 default:
 207:Generated_Source\PSoC5/Pixel_ShiftReg.c ****                     /* Initial result value, while 
 208:Generated_Source\PSoC5/Pixel_ShiftReg.c ****                        IN_FIFO_EMPTY case is false 
 209:Generated_Source\PSoC5/Pixel_ShiftReg.c ****                      */
 210:Generated_Source\PSoC5/Pixel_ShiftReg.c ****                     result = Pixel_ShiftReg_RET_FIFO_EMPTY;
 211:Generated_Source\PSoC5/Pixel_ShiftReg.c ****                     break;
 212:Generated_Source\PSoC5/Pixel_ShiftReg.c ****             }   
 213:Generated_Source\PSoC5/Pixel_ShiftReg.c ****         }
 214:Generated_Source\PSoC5/Pixel_ShiftReg.c ****     #endif /* (0u != Pixel_ShiftReg_USE_INPUT_FIFO) */
 215:Generated_Source\PSoC5/Pixel_ShiftReg.c **** 
 216:Generated_Source\PSoC5/Pixel_ShiftReg.c ****     if(Pixel_ShiftReg_OUT_FIFO == fifoId)
 168              		.loc 1 216 0
 169 0000 0228     		cmp	r0, #2
 170 0002 0AD1     		bne	.L21
 217:Generated_Source\PSoC5/Pixel_ShiftReg.c ****     {
 218:Generated_Source\PSoC5/Pixel_ShiftReg.c ****         switch(Pixel_ShiftReg_GET_OUT_FIFO_STS)
 171              		.loc 1 218 0
 172 0004 074B     		ldr	r3, .L23
 173 0006 1B78     		ldrb	r3, [r3]	@ zero_extendqisi2
 174 0008 C3F34113 		ubfx	r3, r3, #5, #2
 175 000c 3BB1     		cbz	r3, .L22
ARM GAS  C:\Users\jrdia\AppData\Local\Temp\cckOCIeS.s 			page 8


 176 000e 022B     		cmp	r3, #2
 177 0010 01D0     		beq	.L20
 219:Generated_Source\PSoC5/Pixel_ShiftReg.c ****         {
 220:Generated_Source\PSoC5/Pixel_ShiftReg.c ****             case Pixel_ShiftReg_OUT_FIFO_FULL :
 221:Generated_Source\PSoC5/Pixel_ShiftReg.c ****                 result = Pixel_ShiftReg_RET_FIFO_FULL;
 178              		.loc 1 221 0
 179 0012 0020     		movs	r0, #0
 180              	.LVL7:
 181 0014 7047     		bx	lr
 182              	.LVL8:
 183              	.L20:
 222:Generated_Source\PSoC5/Pixel_ShiftReg.c ****                 break;
 223:Generated_Source\PSoC5/Pixel_ShiftReg.c **** 
 224:Generated_Source\PSoC5/Pixel_ShiftReg.c ****             case Pixel_ShiftReg_OUT_FIFO_EMPTY :
 225:Generated_Source\PSoC5/Pixel_ShiftReg.c ****                 result = Pixel_ShiftReg_RET_FIFO_EMPTY;
 226:Generated_Source\PSoC5/Pixel_ShiftReg.c ****                 break;
 227:Generated_Source\PSoC5/Pixel_ShiftReg.c **** 
 228:Generated_Source\PSoC5/Pixel_ShiftReg.c ****             case Pixel_ShiftReg_OUT_FIFO_PARTIAL :
 229:Generated_Source\PSoC5/Pixel_ShiftReg.c ****                 result = Pixel_ShiftReg_RET_FIFO_PARTIAL;
 184              		.loc 1 229 0
 185 0016 0120     		movs	r0, #1
 186              	.LVL9:
 230:Generated_Source\PSoC5/Pixel_ShiftReg.c ****                 break;
 187              		.loc 1 230 0
 188 0018 7047     		bx	lr
 189              	.LVL10:
 190              	.L21:
 187:Generated_Source\PSoC5/Pixel_ShiftReg.c **** 
 191              		.loc 1 187 0
 192 001a FE20     		movs	r0, #254
 193              	.LVL11:
 194 001c 7047     		bx	lr
 195              	.LVL12:
 196              	.L22:
 225:Generated_Source\PSoC5/Pixel_ShiftReg.c ****                 break;
 197              		.loc 1 225 0
 198 001e 0220     		movs	r0, #2
 199              	.LVL13:
 231:Generated_Source\PSoC5/Pixel_ShiftReg.c **** 
 232:Generated_Source\PSoC5/Pixel_ShiftReg.c ****             default:
 233:Generated_Source\PSoC5/Pixel_ShiftReg.c ****                 /* Initial result value, while 
 234:Generated_Source\PSoC5/Pixel_ShiftReg.c ****                    OUT_FIFO_FULL case is false 
 235:Generated_Source\PSoC5/Pixel_ShiftReg.c ****                  */
 236:Generated_Source\PSoC5/Pixel_ShiftReg.c ****                 result = Pixel_ShiftReg_RET_FIFO_FULL;
 237:Generated_Source\PSoC5/Pixel_ShiftReg.c ****                 break;
 238:Generated_Source\PSoC5/Pixel_ShiftReg.c ****         }
 239:Generated_Source\PSoC5/Pixel_ShiftReg.c ****     }
 240:Generated_Source\PSoC5/Pixel_ShiftReg.c **** 
 241:Generated_Source\PSoC5/Pixel_ShiftReg.c ****     return(result);
 242:Generated_Source\PSoC5/Pixel_ShiftReg.c **** }
 200              		.loc 1 242 0
 201 0020 7047     		bx	lr
 202              	.L24:
 203 0022 00BF     		.align	2
 204              	.L23:
 205 0024 6D640040 		.word	1073767533
 206              		.cfi_endproc
ARM GAS  C:\Users\jrdia\AppData\Local\Temp\cckOCIeS.s 			page 9


 207              	.LFE6:
 208              		.size	Pixel_ShiftReg_GetFIFOStatus, .-Pixel_ShiftReg_GetFIFOStatus
 209              		.section	.text.Pixel_ShiftReg_SetIntMode,"ax",%progbits
 210              		.align	2
 211              		.global	Pixel_ShiftReg_SetIntMode
 212              		.thumb
 213              		.thumb_func
 214              		.type	Pixel_ShiftReg_SetIntMode, %function
 215              	Pixel_ShiftReg_SetIntMode:
 216              	.LFB7:
 243:Generated_Source\PSoC5/Pixel_ShiftReg.c **** 
 244:Generated_Source\PSoC5/Pixel_ShiftReg.c **** 
 245:Generated_Source\PSoC5/Pixel_ShiftReg.c **** /*******************************************************************************
 246:Generated_Source\PSoC5/Pixel_ShiftReg.c **** * Function Name: Pixel_ShiftReg_SetIntMode
 247:Generated_Source\PSoC5/Pixel_ShiftReg.c **** ********************************************************************************
 248:Generated_Source\PSoC5/Pixel_ShiftReg.c **** *
 249:Generated_Source\PSoC5/Pixel_ShiftReg.c **** * Summary:
 250:Generated_Source\PSoC5/Pixel_ShiftReg.c **** *  Sets the Interrupt Source for the Shift Register interrupt. Multiple
 251:Generated_Source\PSoC5/Pixel_ShiftReg.c **** *  sources may be ORed together
 252:Generated_Source\PSoC5/Pixel_ShiftReg.c **** *
 253:Generated_Source\PSoC5/Pixel_ShiftReg.c **** * Parameters:
 254:Generated_Source\PSoC5/Pixel_ShiftReg.c **** *  interruptSource: Byte containing the constant for the selected interrupt
 255:Generated_Source\PSoC5/Pixel_ShiftReg.c **** *  source/s.
 256:Generated_Source\PSoC5/Pixel_ShiftReg.c **** *
 257:Generated_Source\PSoC5/Pixel_ShiftReg.c **** * Return:
 258:Generated_Source\PSoC5/Pixel_ShiftReg.c **** *  None.
 259:Generated_Source\PSoC5/Pixel_ShiftReg.c **** *
 260:Generated_Source\PSoC5/Pixel_ShiftReg.c **** *******************************************************************************/
 261:Generated_Source\PSoC5/Pixel_ShiftReg.c **** void Pixel_ShiftReg_SetIntMode(uint8 interruptSource) 
 262:Generated_Source\PSoC5/Pixel_ShiftReg.c **** {
 217              		.loc 1 262 0
 218              		.cfi_startproc
 219              		@ args = 0, pretend = 0, frame = 0
 220              		@ frame_needed = 0, uses_anonymous_args = 0
 221              		@ link register save eliminated.
 222              	.LVL14:
 263:Generated_Source\PSoC5/Pixel_ShiftReg.c ****     Pixel_ShiftReg_SR_STATUS_MASK &= ((uint8) ~Pixel_ShiftReg_INTS_EN_MASK);          /* Clear exis
 223              		.loc 1 263 0
 224 0000 054B     		ldr	r3, .L26
 225 0002 1A78     		ldrb	r2, [r3]	@ zero_extendqisi2
 226 0004 02F0F802 		and	r2, r2, #248
 227 0008 1A70     		strb	r2, [r3]
 264:Generated_Source\PSoC5/Pixel_ShiftReg.c ****     Pixel_ShiftReg_SR_STATUS_MASK |= (interruptSource & Pixel_ShiftReg_INTS_EN_MASK); /* Set int */
 228              		.loc 1 264 0
 229 000a 1A78     		ldrb	r2, [r3]	@ zero_extendqisi2
 230 000c 00F00700 		and	r0, r0, #7
 231              	.LVL15:
 232 0010 1043     		orrs	r0, r0, r2
 233 0012 1870     		strb	r0, [r3]
 234 0014 7047     		bx	lr
 235              	.L27:
 236 0016 00BF     		.align	2
 237              	.L26:
 238 0018 8D640040 		.word	1073767565
 239              		.cfi_endproc
 240              	.LFE7:
 241              		.size	Pixel_ShiftReg_SetIntMode, .-Pixel_ShiftReg_SetIntMode
ARM GAS  C:\Users\jrdia\AppData\Local\Temp\cckOCIeS.s 			page 10


 242              		.section	.text.Pixel_ShiftReg_Init,"ax",%progbits
 243              		.align	2
 244              		.global	Pixel_ShiftReg_Init
 245              		.thumb
 246              		.thumb_func
 247              		.type	Pixel_ShiftReg_Init, %function
 248              	Pixel_ShiftReg_Init:
 249              	.LFB2:
  94:Generated_Source\PSoC5/Pixel_ShiftReg.c ****     Pixel_ShiftReg_SetIntMode(Pixel_ShiftReg_INT_SRC);
 250              		.loc 1 94 0
 251              		.cfi_startproc
 252              		@ args = 0, pretend = 0, frame = 0
 253              		@ frame_needed = 0, uses_anonymous_args = 0
 254 0000 08B5     		push	{r3, lr}
 255              		.cfi_def_cfa_offset 8
 256              		.cfi_offset 3, -8
 257              		.cfi_offset 14, -4
  95:Generated_Source\PSoC5/Pixel_ShiftReg.c **** }
 258              		.loc 1 95 0
 259 0002 0220     		movs	r0, #2
 260 0004 FFF7FEFF 		bl	Pixel_ShiftReg_SetIntMode
 261              	.LVL16:
 262 0008 08BD     		pop	{r3, pc}
 263              		.cfi_endproc
 264              	.LFE2:
 265              		.size	Pixel_ShiftReg_Init, .-Pixel_ShiftReg_Init
 266 000a 00BF     		.section	.text.Pixel_ShiftReg_Start,"ax",%progbits
 267              		.align	2
 268              		.global	Pixel_ShiftReg_Start
 269              		.thumb
 270              		.thumb_func
 271              		.type	Pixel_ShiftReg_Start, %function
 272              	Pixel_ShiftReg_Start:
 273              	.LFB0:
  44:Generated_Source\PSoC5/Pixel_ShiftReg.c ****     if(0u == Pixel_ShiftReg_initVar)
 274              		.loc 1 44 0
 275              		.cfi_startproc
 276              		@ args = 0, pretend = 0, frame = 0
 277              		@ frame_needed = 0, uses_anonymous_args = 0
 278 0000 08B5     		push	{r3, lr}
 279              		.cfi_def_cfa_offset 8
 280              		.cfi_offset 3, -8
 281              		.cfi_offset 14, -4
  45:Generated_Source\PSoC5/Pixel_ShiftReg.c ****     {
 282              		.loc 1 45 0
 283 0002 054B     		ldr	r3, .L33
 284 0004 1B78     		ldrb	r3, [r3]	@ zero_extendqisi2
 285 0006 23B9     		cbnz	r3, .L31
  47:Generated_Source\PSoC5/Pixel_ShiftReg.c ****         Pixel_ShiftReg_initVar = 1u; /* Component initialized */
 286              		.loc 1 47 0
 287 0008 FFF7FEFF 		bl	Pixel_ShiftReg_Init
 288              	.LVL17:
  48:Generated_Source\PSoC5/Pixel_ShiftReg.c ****     }
 289              		.loc 1 48 0
 290 000c 0122     		movs	r2, #1
 291 000e 024B     		ldr	r3, .L33
 292 0010 1A70     		strb	r2, [r3]
ARM GAS  C:\Users\jrdia\AppData\Local\Temp\cckOCIeS.s 			page 11


 293              	.L31:
  51:Generated_Source\PSoC5/Pixel_ShiftReg.c **** }
 294              		.loc 1 51 0
 295 0012 FFF7FEFF 		bl	Pixel_ShiftReg_Enable
 296              	.LVL18:
 297 0016 08BD     		pop	{r3, pc}
 298              	.L34:
 299              		.align	2
 300              	.L33:
 301 0018 00000000 		.word	.LANCHOR0
 302              		.cfi_endproc
 303              	.LFE0:
 304              		.size	Pixel_ShiftReg_Start, .-Pixel_ShiftReg_Start
 305              		.section	.text.Pixel_ShiftReg_GetIntStatus,"ax",%progbits
 306              		.align	2
 307              		.global	Pixel_ShiftReg_GetIntStatus
 308              		.thumb
 309              		.thumb_func
 310              		.type	Pixel_ShiftReg_GetIntStatus, %function
 311              	Pixel_ShiftReg_GetIntStatus:
 312              	.LFB8:
 265:Generated_Source\PSoC5/Pixel_ShiftReg.c **** }
 266:Generated_Source\PSoC5/Pixel_ShiftReg.c **** 
 267:Generated_Source\PSoC5/Pixel_ShiftReg.c **** 
 268:Generated_Source\PSoC5/Pixel_ShiftReg.c **** /*******************************************************************************
 269:Generated_Source\PSoC5/Pixel_ShiftReg.c **** * Function Name: Pixel_ShiftReg_GetIntStatus
 270:Generated_Source\PSoC5/Pixel_ShiftReg.c **** ********************************************************************************
 271:Generated_Source\PSoC5/Pixel_ShiftReg.c **** *
 272:Generated_Source\PSoC5/Pixel_ShiftReg.c **** * Summary:
 273:Generated_Source\PSoC5/Pixel_ShiftReg.c **** *  Gets the Shift Register Interrupt status.
 274:Generated_Source\PSoC5/Pixel_ShiftReg.c **** *
 275:Generated_Source\PSoC5/Pixel_ShiftReg.c **** * Parameters:
 276:Generated_Source\PSoC5/Pixel_ShiftReg.c **** *  None.
 277:Generated_Source\PSoC5/Pixel_ShiftReg.c **** *
 278:Generated_Source\PSoC5/Pixel_ShiftReg.c **** * Return:
 279:Generated_Source\PSoC5/Pixel_ShiftReg.c **** *  Byte containing the constant for the selected interrupt source/s.
 280:Generated_Source\PSoC5/Pixel_ShiftReg.c **** *
 281:Generated_Source\PSoC5/Pixel_ShiftReg.c **** *******************************************************************************/
 282:Generated_Source\PSoC5/Pixel_ShiftReg.c **** uint8 Pixel_ShiftReg_GetIntStatus(void) 
 283:Generated_Source\PSoC5/Pixel_ShiftReg.c **** {
 313              		.loc 1 283 0
 314              		.cfi_startproc
 315              		@ args = 0, pretend = 0, frame = 0
 316              		@ frame_needed = 0, uses_anonymous_args = 0
 317              		@ link register save eliminated.
 284:Generated_Source\PSoC5/Pixel_ShiftReg.c ****     return(Pixel_ShiftReg_SR_STATUS & Pixel_ShiftReg_INTS_EN_MASK);
 318              		.loc 1 284 0
 319 0000 024B     		ldr	r3, .L36
 320 0002 1878     		ldrb	r0, [r3]	@ zero_extendqisi2
 285:Generated_Source\PSoC5/Pixel_ShiftReg.c **** }
 321              		.loc 1 285 0
 322 0004 00F00700 		and	r0, r0, #7
 323 0008 7047     		bx	lr
 324              	.L37:
 325 000a 00BF     		.align	2
 326              	.L36:
 327 000c 6D640040 		.word	1073767533
ARM GAS  C:\Users\jrdia\AppData\Local\Temp\cckOCIeS.s 			page 12


 328              		.cfi_endproc
 329              	.LFE8:
 330              		.size	Pixel_ShiftReg_GetIntStatus, .-Pixel_ShiftReg_GetIntStatus
 331              		.section	.text.Pixel_ShiftReg_WriteRegValue,"ax",%progbits
 332              		.align	2
 333              		.global	Pixel_ShiftReg_WriteRegValue
 334              		.thumb
 335              		.thumb_func
 336              		.type	Pixel_ShiftReg_WriteRegValue, %function
 337              	Pixel_ShiftReg_WriteRegValue:
 338              	.LFB9:
 286:Generated_Source\PSoC5/Pixel_ShiftReg.c **** 
 287:Generated_Source\PSoC5/Pixel_ShiftReg.c **** 
 288:Generated_Source\PSoC5/Pixel_ShiftReg.c **** /*******************************************************************************
 289:Generated_Source\PSoC5/Pixel_ShiftReg.c **** * Function Name: Pixel_ShiftReg_WriteRegValue
 290:Generated_Source\PSoC5/Pixel_ShiftReg.c **** ********************************************************************************
 291:Generated_Source\PSoC5/Pixel_ShiftReg.c **** *
 292:Generated_Source\PSoC5/Pixel_ShiftReg.c **** * Summary:
 293:Generated_Source\PSoC5/Pixel_ShiftReg.c **** *  Send state directly to shift register
 294:Generated_Source\PSoC5/Pixel_ShiftReg.c **** *
 295:Generated_Source\PSoC5/Pixel_ShiftReg.c **** * Parameters:
 296:Generated_Source\PSoC5/Pixel_ShiftReg.c **** *  shiftData: containing shift register state.
 297:Generated_Source\PSoC5/Pixel_ShiftReg.c **** *
 298:Generated_Source\PSoC5/Pixel_ShiftReg.c **** * Return:
 299:Generated_Source\PSoC5/Pixel_ShiftReg.c **** *  None.
 300:Generated_Source\PSoC5/Pixel_ShiftReg.c **** *
 301:Generated_Source\PSoC5/Pixel_ShiftReg.c **** *******************************************************************************/
 302:Generated_Source\PSoC5/Pixel_ShiftReg.c **** void Pixel_ShiftReg_WriteRegValue(uint8 shiftData)
 303:Generated_Source\PSoC5/Pixel_ShiftReg.c ****                                                                      
 304:Generated_Source\PSoC5/Pixel_ShiftReg.c **** {
 339              		.loc 1 304 0
 340              		.cfi_startproc
 341              		@ args = 0, pretend = 0, frame = 0
 342              		@ frame_needed = 0, uses_anonymous_args = 0
 343              		@ link register save eliminated.
 344              	.LVL19:
 305:Generated_Source\PSoC5/Pixel_ShiftReg.c ****     CY_SET_REG8(Pixel_ShiftReg_SHIFT_REG_LSB_PTR, shiftData);
 345              		.loc 1 305 0
 346 0000 014B     		ldr	r3, .L39
 347 0002 1870     		strb	r0, [r3]
 348 0004 7047     		bx	lr
 349              	.L40:
 350 0006 00BF     		.align	2
 351              	.L39:
 352 0008 0D640040 		.word	1073767437
 353              		.cfi_endproc
 354              	.LFE9:
 355              		.size	Pixel_ShiftReg_WriteRegValue, .-Pixel_ShiftReg_WriteRegValue
 356              		.section	.text.Pixel_ShiftReg_ReadData,"ax",%progbits
 357              		.align	2
 358              		.global	Pixel_ShiftReg_ReadData
 359              		.thumb
 360              		.thumb_func
 361              		.type	Pixel_ShiftReg_ReadData, %function
 362              	Pixel_ShiftReg_ReadData:
 363              	.LFB10:
 306:Generated_Source\PSoC5/Pixel_ShiftReg.c **** }
ARM GAS  C:\Users\jrdia\AppData\Local\Temp\cckOCIeS.s 			page 13


 307:Generated_Source\PSoC5/Pixel_ShiftReg.c **** 
 308:Generated_Source\PSoC5/Pixel_ShiftReg.c **** 
 309:Generated_Source\PSoC5/Pixel_ShiftReg.c **** #if(0u != Pixel_ShiftReg_USE_INPUT_FIFO)
 310:Generated_Source\PSoC5/Pixel_ShiftReg.c ****     /*******************************************************************************
 311:Generated_Source\PSoC5/Pixel_ShiftReg.c ****     * Function Name: Pixel_ShiftReg_WriteData
 312:Generated_Source\PSoC5/Pixel_ShiftReg.c ****     ********************************************************************************
 313:Generated_Source\PSoC5/Pixel_ShiftReg.c ****     *
 314:Generated_Source\PSoC5/Pixel_ShiftReg.c ****     * Summary:
 315:Generated_Source\PSoC5/Pixel_ShiftReg.c ****     *  Send state to FIFO for later transfer to shift register based on the Load
 316:Generated_Source\PSoC5/Pixel_ShiftReg.c ****     *  input
 317:Generated_Source\PSoC5/Pixel_ShiftReg.c ****     *
 318:Generated_Source\PSoC5/Pixel_ShiftReg.c ****     * Parameters:
 319:Generated_Source\PSoC5/Pixel_ShiftReg.c ****     *  shiftData: containing shift register state.
 320:Generated_Source\PSoC5/Pixel_ShiftReg.c ****     *
 321:Generated_Source\PSoC5/Pixel_ShiftReg.c ****     * Return:
 322:Generated_Source\PSoC5/Pixel_ShiftReg.c ****     *  Indicates: successful execution of function
 323:Generated_Source\PSoC5/Pixel_ShiftReg.c ****     *  when FIFO is empty; and error when FIFO is full.
 324:Generated_Source\PSoC5/Pixel_ShiftReg.c ****     *
 325:Generated_Source\PSoC5/Pixel_ShiftReg.c ****     * Reentrant:
 326:Generated_Source\PSoC5/Pixel_ShiftReg.c ****     *  No.
 327:Generated_Source\PSoC5/Pixel_ShiftReg.c ****     *
 328:Generated_Source\PSoC5/Pixel_ShiftReg.c ****     *******************************************************************************/
 329:Generated_Source\PSoC5/Pixel_ShiftReg.c ****     cystatus Pixel_ShiftReg_WriteData(uint8 shiftData)
 330:Generated_Source\PSoC5/Pixel_ShiftReg.c ****                                                                          
 331:Generated_Source\PSoC5/Pixel_ShiftReg.c ****     {
 332:Generated_Source\PSoC5/Pixel_ShiftReg.c ****         cystatus result;
 333:Generated_Source\PSoC5/Pixel_ShiftReg.c **** 
 334:Generated_Source\PSoC5/Pixel_ShiftReg.c ****         result = CYRET_INVALID_STATE;
 335:Generated_Source\PSoC5/Pixel_ShiftReg.c **** 
 336:Generated_Source\PSoC5/Pixel_ShiftReg.c ****         /* Writes data into the input FIFO if it is not FULL */
 337:Generated_Source\PSoC5/Pixel_ShiftReg.c ****         if(Pixel_ShiftReg_RET_FIFO_FULL != (Pixel_ShiftReg_GetFIFOStatus(Pixel_ShiftReg_IN_FIFO)))
 338:Generated_Source\PSoC5/Pixel_ShiftReg.c ****         {
 339:Generated_Source\PSoC5/Pixel_ShiftReg.c ****             CY_SET_REG8(Pixel_ShiftReg_IN_FIFO_VAL_LSB_PTR, shiftData);
 340:Generated_Source\PSoC5/Pixel_ShiftReg.c ****             result = CYRET_SUCCESS;
 341:Generated_Source\PSoC5/Pixel_ShiftReg.c ****         }
 342:Generated_Source\PSoC5/Pixel_ShiftReg.c **** 
 343:Generated_Source\PSoC5/Pixel_ShiftReg.c ****         return(result);
 344:Generated_Source\PSoC5/Pixel_ShiftReg.c ****     }
 345:Generated_Source\PSoC5/Pixel_ShiftReg.c **** #endif /* (0u != Pixel_ShiftReg_USE_INPUT_FIFO) */
 346:Generated_Source\PSoC5/Pixel_ShiftReg.c **** 
 347:Generated_Source\PSoC5/Pixel_ShiftReg.c **** 
 348:Generated_Source\PSoC5/Pixel_ShiftReg.c **** #if(0u != Pixel_ShiftReg_USE_OUTPUT_FIFO)
 349:Generated_Source\PSoC5/Pixel_ShiftReg.c ****     /*******************************************************************************
 350:Generated_Source\PSoC5/Pixel_ShiftReg.c ****     * Function Name: Pixel_ShiftReg_ReadData
 351:Generated_Source\PSoC5/Pixel_ShiftReg.c ****     ********************************************************************************
 352:Generated_Source\PSoC5/Pixel_ShiftReg.c ****     *
 353:Generated_Source\PSoC5/Pixel_ShiftReg.c ****     * Summary:
 354:Generated_Source\PSoC5/Pixel_ShiftReg.c ****     *  Returns state in FIFO due to Store input.
 355:Generated_Source\PSoC5/Pixel_ShiftReg.c ****     *
 356:Generated_Source\PSoC5/Pixel_ShiftReg.c ****     * Parameters:
 357:Generated_Source\PSoC5/Pixel_ShiftReg.c ****     *  None.
 358:Generated_Source\PSoC5/Pixel_ShiftReg.c ****     *
 359:Generated_Source\PSoC5/Pixel_ShiftReg.c ****     * Return:
 360:Generated_Source\PSoC5/Pixel_ShiftReg.c ****     *  Shift Register state
 361:Generated_Source\PSoC5/Pixel_ShiftReg.c ****     *
 362:Generated_Source\PSoC5/Pixel_ShiftReg.c ****     * Reentrant:
 363:Generated_Source\PSoC5/Pixel_ShiftReg.c ****     *  No.
ARM GAS  C:\Users\jrdia\AppData\Local\Temp\cckOCIeS.s 			page 14


 364:Generated_Source\PSoC5/Pixel_ShiftReg.c ****     *
 365:Generated_Source\PSoC5/Pixel_ShiftReg.c ****     *******************************************************************************/
 366:Generated_Source\PSoC5/Pixel_ShiftReg.c ****     uint8 Pixel_ShiftReg_ReadData(void) 
 367:Generated_Source\PSoC5/Pixel_ShiftReg.c ****     {
 364              		.loc 1 367 0
 365              		.cfi_startproc
 366              		@ args = 0, pretend = 0, frame = 0
 367              		@ frame_needed = 0, uses_anonymous_args = 0
 368              		@ link register save eliminated.
 368:Generated_Source\PSoC5/Pixel_ShiftReg.c ****         return(CY_GET_REG8(Pixel_ShiftReg_OUT_FIFO_VAL_LSB_PTR));
 369              		.loc 1 368 0
 370 0000 014B     		ldr	r3, .L42
 371 0002 1878     		ldrb	r0, [r3]	@ zero_extendqisi2
 369:Generated_Source\PSoC5/Pixel_ShiftReg.c ****     }
 372              		.loc 1 369 0
 373 0004 7047     		bx	lr
 374              	.L43:
 375 0006 00BF     		.align	2
 376              	.L42:
 377 0008 5D640040 		.word	1073767517
 378              		.cfi_endproc
 379              	.LFE10:
 380              		.size	Pixel_ShiftReg_ReadData, .-Pixel_ShiftReg_ReadData
 381              		.section	.text.Pixel_ShiftReg_ReadRegValue,"ax",%progbits
 382              		.align	2
 383              		.global	Pixel_ShiftReg_ReadRegValue
 384              		.thumb
 385              		.thumb_func
 386              		.type	Pixel_ShiftReg_ReadRegValue, %function
 387              	Pixel_ShiftReg_ReadRegValue:
 388              	.LFB11:
 370:Generated_Source\PSoC5/Pixel_ShiftReg.c **** #endif /* (0u != Pixel_ShiftReg_USE_OUTPUT_FIFO) */
 371:Generated_Source\PSoC5/Pixel_ShiftReg.c **** 
 372:Generated_Source\PSoC5/Pixel_ShiftReg.c **** 
 373:Generated_Source\PSoC5/Pixel_ShiftReg.c **** /*******************************************************************************
 374:Generated_Source\PSoC5/Pixel_ShiftReg.c **** * Function Name: Pixel_ShiftReg_ReadRegValue
 375:Generated_Source\PSoC5/Pixel_ShiftReg.c **** ********************************************************************************
 376:Generated_Source\PSoC5/Pixel_ShiftReg.c **** *
 377:Generated_Source\PSoC5/Pixel_ShiftReg.c **** * Summary:
 378:Generated_Source\PSoC5/Pixel_ShiftReg.c **** *  Directly returns current state in shift register, not data in FIFO due
 379:Generated_Source\PSoC5/Pixel_ShiftReg.c **** *  to Store input.
 380:Generated_Source\PSoC5/Pixel_ShiftReg.c **** *
 381:Generated_Source\PSoC5/Pixel_ShiftReg.c **** * Parameters:
 382:Generated_Source\PSoC5/Pixel_ShiftReg.c **** *  None.
 383:Generated_Source\PSoC5/Pixel_ShiftReg.c **** *
 384:Generated_Source\PSoC5/Pixel_ShiftReg.c **** * Return:
 385:Generated_Source\PSoC5/Pixel_ShiftReg.c **** *  Shift Register state. Clears output FIFO.
 386:Generated_Source\PSoC5/Pixel_ShiftReg.c **** *
 387:Generated_Source\PSoC5/Pixel_ShiftReg.c **** * Reentrant:
 388:Generated_Source\PSoC5/Pixel_ShiftReg.c **** *  No.
 389:Generated_Source\PSoC5/Pixel_ShiftReg.c **** *
 390:Generated_Source\PSoC5/Pixel_ShiftReg.c **** *******************************************************************************/
 391:Generated_Source\PSoC5/Pixel_ShiftReg.c **** uint8 Pixel_ShiftReg_ReadRegValue(void) 
 392:Generated_Source\PSoC5/Pixel_ShiftReg.c **** {
 389              		.loc 1 392 0
 390              		.cfi_startproc
 391              		@ args = 0, pretend = 0, frame = 0
ARM GAS  C:\Users\jrdia\AppData\Local\Temp\cckOCIeS.s 			page 15


 392              		@ frame_needed = 0, uses_anonymous_args = 0
 393 0000 08B5     		push	{r3, lr}
 394              		.cfi_def_cfa_offset 8
 395              		.cfi_offset 3, -8
 396              		.cfi_offset 14, -4
 393:Generated_Source\PSoC5/Pixel_ShiftReg.c ****     uint8 result;
 394:Generated_Source\PSoC5/Pixel_ShiftReg.c **** 
 395:Generated_Source\PSoC5/Pixel_ShiftReg.c ****     /* Clear FIFO before software capture */
 396:Generated_Source\PSoC5/Pixel_ShiftReg.c ****     while(Pixel_ShiftReg_RET_FIFO_EMPTY != Pixel_ShiftReg_GetFIFOStatus(Pixel_ShiftReg_OUT_FIFO))
 397              		.loc 1 396 0
 398 0002 01E0     		b	.L45
 399              	.L46:
 397:Generated_Source\PSoC5/Pixel_ShiftReg.c ****     {
 398:Generated_Source\PSoC5/Pixel_ShiftReg.c ****         (void) CY_GET_REG8(Pixel_ShiftReg_OUT_FIFO_VAL_LSB_PTR);
 400              		.loc 1 398 0
 401 0004 054B     		ldr	r3, .L48
 402 0006 1B78     		ldrb	r3, [r3]	@ zero_extendqisi2
 403              	.L45:
 396:Generated_Source\PSoC5/Pixel_ShiftReg.c ****     {
 404              		.loc 1 396 0
 405 0008 0220     		movs	r0, #2
 406 000a FFF7FEFF 		bl	Pixel_ShiftReg_GetFIFOStatus
 407              	.LVL20:
 408 000e 0228     		cmp	r0, #2
 409 0010 F8D1     		bne	.L46
 399:Generated_Source\PSoC5/Pixel_ShiftReg.c ****     }
 400:Generated_Source\PSoC5/Pixel_ShiftReg.c **** 
 401:Generated_Source\PSoC5/Pixel_ShiftReg.c ****     /* Read of 8 bits from A1 causes capture to output FIFO */
 402:Generated_Source\PSoC5/Pixel_ShiftReg.c ****     (void) CY_GET_REG8(Pixel_ShiftReg_SHIFT_REG_CAPTURE_PTR);
 410              		.loc 1 402 0
 411 0012 034B     		ldr	r3, .L48+4
 412 0014 1B78     		ldrb	r3, [r3]	@ zero_extendqisi2
 403:Generated_Source\PSoC5/Pixel_ShiftReg.c **** 
 404:Generated_Source\PSoC5/Pixel_ShiftReg.c ****     /* Read output FIFO */
 405:Generated_Source\PSoC5/Pixel_ShiftReg.c ****     result  = CY_GET_REG8(Pixel_ShiftReg_OUT_FIFO_VAL_LSB_PTR);
 413              		.loc 1 405 0
 414 0016 014B     		ldr	r3, .L48
 415 0018 1878     		ldrb	r0, [r3]	@ zero_extendqisi2
 416              	.LVL21:
 406:Generated_Source\PSoC5/Pixel_ShiftReg.c ****     
 407:Generated_Source\PSoC5/Pixel_ShiftReg.c ****     #if(0u != (Pixel_ShiftReg_SR_SIZE % 8u))
 408:Generated_Source\PSoC5/Pixel_ShiftReg.c ****         result &= ((uint8) Pixel_ShiftReg_SR_MASK);
 409:Generated_Source\PSoC5/Pixel_ShiftReg.c ****     #endif /* (0u != (Pixel_ShiftReg_SR_SIZE % 8u)) */
 410:Generated_Source\PSoC5/Pixel_ShiftReg.c ****     
 411:Generated_Source\PSoC5/Pixel_ShiftReg.c ****     return(result);
 412:Generated_Source\PSoC5/Pixel_ShiftReg.c **** }
 417              		.loc 1 412 0
 418 001a 08BD     		pop	{r3, pc}
 419              	.L49:
 420              		.align	2
 421              	.L48:
 422 001c 5D640040 		.word	1073767517
 423 0020 1D640040 		.word	1073767453
 424              		.cfi_endproc
 425              	.LFE11:
 426              		.size	Pixel_ShiftReg_ReadRegValue, .-Pixel_ShiftReg_ReadRegValue
 427              		.global	Pixel_ShiftReg_initVar
ARM GAS  C:\Users\jrdia\AppData\Local\Temp\cckOCIeS.s 			page 16


 428              		.bss
 429              		.set	.LANCHOR0,. + 0
 430              		.type	Pixel_ShiftReg_initVar, %object
 431              		.size	Pixel_ShiftReg_initVar, 1
 432              	Pixel_ShiftReg_initVar:
 433 0000 00       		.space	1
 434              		.text
 435              	.Letext0:
 436              		.file 2 "Generated_Source\\PSoC5\\cytypes.h"
 437              		.file 3 "Generated_Source\\PSoC5\\CyLib.h"
 438              		.section	.debug_info,"",%progbits
 439              	.Ldebug_info0:
 440 0000 B0020000 		.4byte	0x2b0
 441 0004 0400     		.2byte	0x4
 442 0006 00000000 		.4byte	.Ldebug_abbrev0
 443 000a 04       		.byte	0x4
 444 000b 01       		.uleb128 0x1
 445 000c 97000000 		.4byte	.LASF35
 446 0010 0C       		.byte	0xc
 447 0011 2A000000 		.4byte	.LASF36
 448 0015 BB020000 		.4byte	.LASF37
 449 0019 00000000 		.4byte	.Ldebug_ranges0+0
 450 001d 00000000 		.4byte	0
 451 0021 00000000 		.4byte	.Ldebug_line0
 452 0025 02       		.uleb128 0x2
 453 0026 01       		.byte	0x1
 454 0027 06       		.byte	0x6
 455 0028 2D030000 		.4byte	.LASF0
 456 002c 02       		.uleb128 0x2
 457 002d 01       		.byte	0x1
 458 002e 08       		.byte	0x8
 459 002f 71010000 		.4byte	.LASF1
 460 0033 02       		.uleb128 0x2
 461 0034 02       		.byte	0x2
 462 0035 05       		.byte	0x5
 463 0036 B1020000 		.4byte	.LASF2
 464 003a 02       		.uleb128 0x2
 465 003b 02       		.byte	0x2
 466 003c 07       		.byte	0x7
 467 003d 52000000 		.4byte	.LASF3
 468 0041 02       		.uleb128 0x2
 469 0042 04       		.byte	0x4
 470 0043 05       		.byte	0x5
 471 0044 18030000 		.4byte	.LASF4
 472 0048 02       		.uleb128 0x2
 473 0049 04       		.byte	0x4
 474 004a 07       		.byte	0x7
 475 004b 39010000 		.4byte	.LASF5
 476 004f 02       		.uleb128 0x2
 477 0050 08       		.byte	0x8
 478 0051 05       		.byte	0x5
 479 0052 8A020000 		.4byte	.LASF6
 480 0056 02       		.uleb128 0x2
 481 0057 08       		.byte	0x8
 482 0058 07       		.byte	0x7
 483 0059 6B000000 		.4byte	.LASF7
 484 005d 03       		.uleb128 0x3
ARM GAS  C:\Users\jrdia\AppData\Local\Temp\cckOCIeS.s 			page 17


 485 005e 04       		.byte	0x4
 486 005f 05       		.byte	0x5
 487 0060 696E7400 		.ascii	"int\000"
 488 0064 02       		.uleb128 0x2
 489 0065 04       		.byte	0x4
 490 0066 07       		.byte	0x7
 491 0067 1F020000 		.4byte	.LASF8
 492 006b 04       		.uleb128 0x4
 493 006c 4B010000 		.4byte	.LASF12
 494 0070 02       		.byte	0x2
 495 0071 9201     		.2byte	0x192
 496 0073 2C000000 		.4byte	0x2c
 497 0077 02       		.uleb128 0x2
 498 0078 04       		.byte	0x4
 499 0079 04       		.byte	0x4
 500 007a 65000000 		.4byte	.LASF9
 501 007e 02       		.uleb128 0x2
 502 007f 08       		.byte	0x8
 503 0080 04       		.byte	0x4
 504 0081 7F010000 		.4byte	.LASF10
 505 0085 02       		.uleb128 0x2
 506 0086 01       		.byte	0x1
 507 0087 08       		.byte	0x8
 508 0088 AC020000 		.4byte	.LASF11
 509 008c 04       		.uleb128 0x4
 510 008d 25010000 		.4byte	.LASF13
 511 0091 02       		.byte	0x2
 512 0092 3C02     		.2byte	0x23c
 513 0094 98000000 		.4byte	0x98
 514 0098 05       		.uleb128 0x5
 515 0099 6B000000 		.4byte	0x6b
 516 009d 02       		.uleb128 0x2
 517 009e 08       		.byte	0x8
 518 009f 04       		.byte	0x4
 519 00a0 21030000 		.4byte	.LASF14
 520 00a4 02       		.uleb128 0x2
 521 00a5 04       		.byte	0x4
 522 00a6 07       		.byte	0x7
 523 00a7 81020000 		.4byte	.LASF15
 524 00ab 06       		.uleb128 0x6
 525 00ac 51010000 		.4byte	.LASF16
 526 00b0 01       		.byte	0x1
 527 00b1 87       		.byte	0x87
 528 00b2 00000000 		.4byte	.LFB4
 529 00b6 1C000000 		.4byte	.LFE4-.LFB4
 530 00ba 01       		.uleb128 0x1
 531 00bb 9C       		.byte	0x9c
 532 00bc E2000000 		.4byte	0xe2
 533 00c0 07       		.uleb128 0x7
 534 00c1 2A010000 		.4byte	.LASF19
 535 00c5 01       		.byte	0x1
 536 00c6 89       		.byte	0x89
 537 00c7 6B000000 		.4byte	0x6b
 538 00cb 00000000 		.4byte	.LLST0
 539 00cf 08       		.uleb128 0x8
 540 00d0 06000000 		.4byte	.LVL0
 541 00d4 9D020000 		.4byte	0x29d
ARM GAS  C:\Users\jrdia\AppData\Local\Temp\cckOCIeS.s 			page 18


 542 00d8 08       		.uleb128 0x8
 543 00d9 14000000 		.4byte	.LVL1
 544 00dd A8020000 		.4byte	0x2a8
 545 00e1 00       		.byte	0
 546 00e2 06       		.uleb128 0x6
 547 00e3 9D010000 		.4byte	.LASF17
 548 00e7 01       		.byte	0x1
 549 00e8 45       		.byte	0x45
 550 00e9 00000000 		.4byte	.LFB1
 551 00ed 18000000 		.4byte	.LFE1-.LFB1
 552 00f1 01       		.uleb128 0x1
 553 00f2 9C       		.byte	0x9c
 554 00f3 01010000 		.4byte	0x101
 555 00f7 08       		.uleb128 0x8
 556 00f8 10000000 		.4byte	.LVL2
 557 00fc AB000000 		.4byte	0xab
 558 0100 00       		.byte	0
 559 0101 06       		.uleb128 0x6
 560 0102 00000000 		.4byte	.LASF18
 561 0106 01       		.byte	0x1
 562 0107 9F       		.byte	0x9f
 563 0108 00000000 		.4byte	.LFB5
 564 010c 1C000000 		.4byte	.LFE5-.LFB5
 565 0110 01       		.uleb128 0x1
 566 0111 9C       		.byte	0x9c
 567 0112 38010000 		.4byte	0x138
 568 0116 07       		.uleb128 0x7
 569 0117 2A010000 		.4byte	.LASF19
 570 011b 01       		.byte	0x1
 571 011c A1       		.byte	0xa1
 572 011d 6B000000 		.4byte	0x6b
 573 0121 13000000 		.4byte	.LLST1
 574 0125 08       		.uleb128 0x8
 575 0126 06000000 		.4byte	.LVL3
 576 012a 9D020000 		.4byte	0x29d
 577 012e 08       		.uleb128 0x8
 578 012f 14000000 		.4byte	.LVL4
 579 0133 A8020000 		.4byte	0x2a8
 580 0137 00       		.byte	0
 581 0138 06       		.uleb128 0x6
 582 0139 B3010000 		.4byte	.LASF20
 583 013d 01       		.byte	0x1
 584 013e 71       		.byte	0x71
 585 013f 00000000 		.4byte	.LFB3
 586 0143 18000000 		.4byte	.LFE3-.LFB3
 587 0147 01       		.uleb128 0x1
 588 0148 9C       		.byte	0x9c
 589 0149 57010000 		.4byte	0x157
 590 014d 08       		.uleb128 0x8
 591 014e 10000000 		.4byte	.LVL5
 592 0152 01010000 		.4byte	0x101
 593 0156 00       		.byte	0
 594 0157 09       		.uleb128 0x9
 595 0158 51030000 		.4byte	.LASF31
 596 015c 01       		.byte	0x1
 597 015d B7       		.byte	0xb7
 598 015e 6B000000 		.4byte	0x6b
ARM GAS  C:\Users\jrdia\AppData\Local\Temp\cckOCIeS.s 			page 19


 599 0162 00000000 		.4byte	.LFB6
 600 0166 28000000 		.4byte	.LFE6-.LFB6
 601 016a 01       		.uleb128 0x1
 602 016b 9C       		.byte	0x9c
 603 016c 8F010000 		.4byte	0x18f
 604 0170 0A       		.uleb128 0xa
 605 0171 6A010000 		.4byte	.LASF23
 606 0175 01       		.byte	0x1
 607 0176 B7       		.byte	0xb7
 608 0177 6B000000 		.4byte	0x6b
 609 017b 26000000 		.4byte	.LLST2
 610 017f 07       		.uleb128 0x7
 611 0180 42020000 		.4byte	.LASF21
 612 0184 01       		.byte	0x1
 613 0185 B9       		.byte	0xb9
 614 0186 6B000000 		.4byte	0x6b
 615 018a 92000000 		.4byte	.LLST3
 616 018e 00       		.byte	0
 617 018f 0B       		.uleb128 0xb
 618 0190 E4010000 		.4byte	.LASF22
 619 0194 01       		.byte	0x1
 620 0195 0501     		.2byte	0x105
 621 0197 00000000 		.4byte	.LFB7
 622 019b 1C000000 		.4byte	.LFE7-.LFB7
 623 019f 01       		.uleb128 0x1
 624 01a0 9C       		.byte	0x9c
 625 01a1 B6010000 		.4byte	0x1b6
 626 01a5 0C       		.uleb128 0xc
 627 01a6 1A000000 		.4byte	.LASF24
 628 01aa 01       		.byte	0x1
 629 01ab 0501     		.2byte	0x105
 630 01ad 6B000000 		.4byte	0x6b
 631 01b1 CB000000 		.4byte	.LLST4
 632 01b5 00       		.byte	0
 633 01b6 06       		.uleb128 0x6
 634 01b7 98020000 		.4byte	.LASF25
 635 01bb 01       		.byte	0x1
 636 01bc 5D       		.byte	0x5d
 637 01bd 00000000 		.4byte	.LFB2
 638 01c1 0A000000 		.4byte	.LFE2-.LFB2
 639 01c5 01       		.uleb128 0x1
 640 01c6 9C       		.byte	0x9c
 641 01c7 DB010000 		.4byte	0x1db
 642 01cb 0D       		.uleb128 0xd
 643 01cc 08000000 		.4byte	.LVL16
 644 01d0 8F010000 		.4byte	0x18f
 645 01d4 0E       		.uleb128 0xe
 646 01d5 01       		.uleb128 0x1
 647 01d6 50       		.byte	0x50
 648 01d7 01       		.uleb128 0x1
 649 01d8 32       		.byte	0x32
 650 01d9 00       		.byte	0
 651 01da 00       		.byte	0
 652 01db 06       		.uleb128 0x6
 653 01dc 82000000 		.4byte	.LASF26
 654 01e0 01       		.byte	0x1
 655 01e1 2B       		.byte	0x2b
ARM GAS  C:\Users\jrdia\AppData\Local\Temp\cckOCIeS.s 			page 20


 656 01e2 00000000 		.4byte	.LFB0
 657 01e6 1C000000 		.4byte	.LFE0-.LFB0
 658 01ea 01       		.uleb128 0x1
 659 01eb 9C       		.byte	0x9c
 660 01ec 03020000 		.4byte	0x203
 661 01f0 08       		.uleb128 0x8
 662 01f1 0C000000 		.4byte	.LVL17
 663 01f5 B6010000 		.4byte	0x1b6
 664 01f9 08       		.uleb128 0x8
 665 01fa 16000000 		.4byte	.LVL18
 666 01fe E2000000 		.4byte	0xe2
 667 0202 00       		.byte	0
 668 0203 0F       		.uleb128 0xf
 669 0204 49020000 		.4byte	.LASF29
 670 0208 01       		.byte	0x1
 671 0209 1A01     		.2byte	0x11a
 672 020b 6B000000 		.4byte	0x6b
 673 020f 00000000 		.4byte	.LFB8
 674 0213 10000000 		.4byte	.LFE8-.LFB8
 675 0217 01       		.uleb128 0x1
 676 0218 9C       		.byte	0x9c
 677 0219 0B       		.uleb128 0xb
 678 021a C7010000 		.4byte	.LASF27
 679 021e 01       		.byte	0x1
 680 021f 2E01     		.2byte	0x12e
 681 0221 00000000 		.4byte	.LFB9
 682 0225 0C000000 		.4byte	.LFE9-.LFB9
 683 0229 01       		.uleb128 0x1
 684 022a 9C       		.byte	0x9c
 685 022b 3E020000 		.4byte	0x23e
 686 022f 10       		.uleb128 0x10
 687 0230 FE010000 		.4byte	.LASF28
 688 0234 01       		.byte	0x1
 689 0235 2E01     		.2byte	0x12e
 690 0237 6B000000 		.4byte	0x6b
 691 023b 01       		.uleb128 0x1
 692 023c 50       		.byte	0x50
 693 023d 00       		.byte	0
 694 023e 0F       		.uleb128 0xf
 695 023f 39030000 		.4byte	.LASF30
 696 0243 01       		.byte	0x1
 697 0244 6E01     		.2byte	0x16e
 698 0246 6B000000 		.4byte	0x6b
 699 024a 00000000 		.4byte	.LFB10
 700 024e 0C000000 		.4byte	.LFE10-.LFB10
 701 0252 01       		.uleb128 0x1
 702 0253 9C       		.byte	0x9c
 703 0254 11       		.uleb128 0x11
 704 0255 65020000 		.4byte	.LASF32
 705 0259 01       		.byte	0x1
 706 025a 8701     		.2byte	0x187
 707 025c 6B000000 		.4byte	0x6b
 708 0260 00000000 		.4byte	.LFB11
 709 0264 24000000 		.4byte	.LFE11-.LFB11
 710 0268 01       		.uleb128 0x1
 711 0269 9C       		.byte	0x9c
 712 026a 8C020000 		.4byte	0x28c
ARM GAS  C:\Users\jrdia\AppData\Local\Temp\cckOCIeS.s 			page 21


 713 026e 12       		.uleb128 0x12
 714 026f 42020000 		.4byte	.LASF21
 715 0273 01       		.byte	0x1
 716 0274 8901     		.2byte	0x189
 717 0276 6B000000 		.4byte	0x6b
 718 027a 01       		.uleb128 0x1
 719 027b 50       		.byte	0x50
 720 027c 0D       		.uleb128 0xd
 721 027d 0E000000 		.4byte	.LVL20
 722 0281 57010000 		.4byte	0x157
 723 0285 0E       		.uleb128 0xe
 724 0286 01       		.uleb128 0x1
 725 0287 50       		.byte	0x50
 726 0288 01       		.uleb128 0x1
 727 0289 32       		.byte	0x32
 728 028a 00       		.byte	0
 729 028b 00       		.byte	0
 730 028c 13       		.uleb128 0x13
 731 028d 86010000 		.4byte	.LASF38
 732 0291 01       		.byte	0x1
 733 0292 13       		.byte	0x13
 734 0293 6B000000 		.4byte	0x6b
 735 0297 05       		.uleb128 0x5
 736 0298 03       		.byte	0x3
 737 0299 00000000 		.4byte	Pixel_ShiftReg_initVar
 738 029d 14       		.uleb128 0x14
 739 029e 08020000 		.4byte	.LASF33
 740 02a2 08020000 		.4byte	.LASF33
 741 02a6 03       		.byte	0x3
 742 02a7 7D       		.byte	0x7d
 743 02a8 14       		.uleb128 0x14
 744 02a9 2C020000 		.4byte	.LASF34
 745 02ad 2C020000 		.4byte	.LASF34
 746 02b1 03       		.byte	0x3
 747 02b2 7E       		.byte	0x7e
 748 02b3 00       		.byte	0
 749              		.section	.debug_abbrev,"",%progbits
 750              	.Ldebug_abbrev0:
 751 0000 01       		.uleb128 0x1
 752 0001 11       		.uleb128 0x11
 753 0002 01       		.byte	0x1
 754 0003 25       		.uleb128 0x25
 755 0004 0E       		.uleb128 0xe
 756 0005 13       		.uleb128 0x13
 757 0006 0B       		.uleb128 0xb
 758 0007 03       		.uleb128 0x3
 759 0008 0E       		.uleb128 0xe
 760 0009 1B       		.uleb128 0x1b
 761 000a 0E       		.uleb128 0xe
 762 000b 55       		.uleb128 0x55
 763 000c 17       		.uleb128 0x17
 764 000d 11       		.uleb128 0x11
 765 000e 01       		.uleb128 0x1
 766 000f 10       		.uleb128 0x10
 767 0010 17       		.uleb128 0x17
 768 0011 00       		.byte	0
 769 0012 00       		.byte	0
ARM GAS  C:\Users\jrdia\AppData\Local\Temp\cckOCIeS.s 			page 22


 770 0013 02       		.uleb128 0x2
 771 0014 24       		.uleb128 0x24
 772 0015 00       		.byte	0
 773 0016 0B       		.uleb128 0xb
 774 0017 0B       		.uleb128 0xb
 775 0018 3E       		.uleb128 0x3e
 776 0019 0B       		.uleb128 0xb
 777 001a 03       		.uleb128 0x3
 778 001b 0E       		.uleb128 0xe
 779 001c 00       		.byte	0
 780 001d 00       		.byte	0
 781 001e 03       		.uleb128 0x3
 782 001f 24       		.uleb128 0x24
 783 0020 00       		.byte	0
 784 0021 0B       		.uleb128 0xb
 785 0022 0B       		.uleb128 0xb
 786 0023 3E       		.uleb128 0x3e
 787 0024 0B       		.uleb128 0xb
 788 0025 03       		.uleb128 0x3
 789 0026 08       		.uleb128 0x8
 790 0027 00       		.byte	0
 791 0028 00       		.byte	0
 792 0029 04       		.uleb128 0x4
 793 002a 16       		.uleb128 0x16
 794 002b 00       		.byte	0
 795 002c 03       		.uleb128 0x3
 796 002d 0E       		.uleb128 0xe
 797 002e 3A       		.uleb128 0x3a
 798 002f 0B       		.uleb128 0xb
 799 0030 3B       		.uleb128 0x3b
 800 0031 05       		.uleb128 0x5
 801 0032 49       		.uleb128 0x49
 802 0033 13       		.uleb128 0x13
 803 0034 00       		.byte	0
 804 0035 00       		.byte	0
 805 0036 05       		.uleb128 0x5
 806 0037 35       		.uleb128 0x35
 807 0038 00       		.byte	0
 808 0039 49       		.uleb128 0x49
 809 003a 13       		.uleb128 0x13
 810 003b 00       		.byte	0
 811 003c 00       		.byte	0
 812 003d 06       		.uleb128 0x6
 813 003e 2E       		.uleb128 0x2e
 814 003f 01       		.byte	0x1
 815 0040 3F       		.uleb128 0x3f
 816 0041 19       		.uleb128 0x19
 817 0042 03       		.uleb128 0x3
 818 0043 0E       		.uleb128 0xe
 819 0044 3A       		.uleb128 0x3a
 820 0045 0B       		.uleb128 0xb
 821 0046 3B       		.uleb128 0x3b
 822 0047 0B       		.uleb128 0xb
 823 0048 27       		.uleb128 0x27
 824 0049 19       		.uleb128 0x19
 825 004a 11       		.uleb128 0x11
 826 004b 01       		.uleb128 0x1
ARM GAS  C:\Users\jrdia\AppData\Local\Temp\cckOCIeS.s 			page 23


 827 004c 12       		.uleb128 0x12
 828 004d 06       		.uleb128 0x6
 829 004e 40       		.uleb128 0x40
 830 004f 18       		.uleb128 0x18
 831 0050 9742     		.uleb128 0x2117
 832 0052 19       		.uleb128 0x19
 833 0053 01       		.uleb128 0x1
 834 0054 13       		.uleb128 0x13
 835 0055 00       		.byte	0
 836 0056 00       		.byte	0
 837 0057 07       		.uleb128 0x7
 838 0058 34       		.uleb128 0x34
 839 0059 00       		.byte	0
 840 005a 03       		.uleb128 0x3
 841 005b 0E       		.uleb128 0xe
 842 005c 3A       		.uleb128 0x3a
 843 005d 0B       		.uleb128 0xb
 844 005e 3B       		.uleb128 0x3b
 845 005f 0B       		.uleb128 0xb
 846 0060 49       		.uleb128 0x49
 847 0061 13       		.uleb128 0x13
 848 0062 02       		.uleb128 0x2
 849 0063 17       		.uleb128 0x17
 850 0064 00       		.byte	0
 851 0065 00       		.byte	0
 852 0066 08       		.uleb128 0x8
 853 0067 898201   		.uleb128 0x4109
 854 006a 00       		.byte	0
 855 006b 11       		.uleb128 0x11
 856 006c 01       		.uleb128 0x1
 857 006d 31       		.uleb128 0x31
 858 006e 13       		.uleb128 0x13
 859 006f 00       		.byte	0
 860 0070 00       		.byte	0
 861 0071 09       		.uleb128 0x9
 862 0072 2E       		.uleb128 0x2e
 863 0073 01       		.byte	0x1
 864 0074 3F       		.uleb128 0x3f
 865 0075 19       		.uleb128 0x19
 866 0076 03       		.uleb128 0x3
 867 0077 0E       		.uleb128 0xe
 868 0078 3A       		.uleb128 0x3a
 869 0079 0B       		.uleb128 0xb
 870 007a 3B       		.uleb128 0x3b
 871 007b 0B       		.uleb128 0xb
 872 007c 27       		.uleb128 0x27
 873 007d 19       		.uleb128 0x19
 874 007e 49       		.uleb128 0x49
 875 007f 13       		.uleb128 0x13
 876 0080 11       		.uleb128 0x11
 877 0081 01       		.uleb128 0x1
 878 0082 12       		.uleb128 0x12
 879 0083 06       		.uleb128 0x6
 880 0084 40       		.uleb128 0x40
 881 0085 18       		.uleb128 0x18
 882 0086 9742     		.uleb128 0x2117
 883 0088 19       		.uleb128 0x19
ARM GAS  C:\Users\jrdia\AppData\Local\Temp\cckOCIeS.s 			page 24


 884 0089 01       		.uleb128 0x1
 885 008a 13       		.uleb128 0x13
 886 008b 00       		.byte	0
 887 008c 00       		.byte	0
 888 008d 0A       		.uleb128 0xa
 889 008e 05       		.uleb128 0x5
 890 008f 00       		.byte	0
 891 0090 03       		.uleb128 0x3
 892 0091 0E       		.uleb128 0xe
 893 0092 3A       		.uleb128 0x3a
 894 0093 0B       		.uleb128 0xb
 895 0094 3B       		.uleb128 0x3b
 896 0095 0B       		.uleb128 0xb
 897 0096 49       		.uleb128 0x49
 898 0097 13       		.uleb128 0x13
 899 0098 02       		.uleb128 0x2
 900 0099 17       		.uleb128 0x17
 901 009a 00       		.byte	0
 902 009b 00       		.byte	0
 903 009c 0B       		.uleb128 0xb
 904 009d 2E       		.uleb128 0x2e
 905 009e 01       		.byte	0x1
 906 009f 3F       		.uleb128 0x3f
 907 00a0 19       		.uleb128 0x19
 908 00a1 03       		.uleb128 0x3
 909 00a2 0E       		.uleb128 0xe
 910 00a3 3A       		.uleb128 0x3a
 911 00a4 0B       		.uleb128 0xb
 912 00a5 3B       		.uleb128 0x3b
 913 00a6 05       		.uleb128 0x5
 914 00a7 27       		.uleb128 0x27
 915 00a8 19       		.uleb128 0x19
 916 00a9 11       		.uleb128 0x11
 917 00aa 01       		.uleb128 0x1
 918 00ab 12       		.uleb128 0x12
 919 00ac 06       		.uleb128 0x6
 920 00ad 40       		.uleb128 0x40
 921 00ae 18       		.uleb128 0x18
 922 00af 9742     		.uleb128 0x2117
 923 00b1 19       		.uleb128 0x19
 924 00b2 01       		.uleb128 0x1
 925 00b3 13       		.uleb128 0x13
 926 00b4 00       		.byte	0
 927 00b5 00       		.byte	0
 928 00b6 0C       		.uleb128 0xc
 929 00b7 05       		.uleb128 0x5
 930 00b8 00       		.byte	0
 931 00b9 03       		.uleb128 0x3
 932 00ba 0E       		.uleb128 0xe
 933 00bb 3A       		.uleb128 0x3a
 934 00bc 0B       		.uleb128 0xb
 935 00bd 3B       		.uleb128 0x3b
 936 00be 05       		.uleb128 0x5
 937 00bf 49       		.uleb128 0x49
 938 00c0 13       		.uleb128 0x13
 939 00c1 02       		.uleb128 0x2
 940 00c2 17       		.uleb128 0x17
ARM GAS  C:\Users\jrdia\AppData\Local\Temp\cckOCIeS.s 			page 25


 941 00c3 00       		.byte	0
 942 00c4 00       		.byte	0
 943 00c5 0D       		.uleb128 0xd
 944 00c6 898201   		.uleb128 0x4109
 945 00c9 01       		.byte	0x1
 946 00ca 11       		.uleb128 0x11
 947 00cb 01       		.uleb128 0x1
 948 00cc 31       		.uleb128 0x31
 949 00cd 13       		.uleb128 0x13
 950 00ce 00       		.byte	0
 951 00cf 00       		.byte	0
 952 00d0 0E       		.uleb128 0xe
 953 00d1 8A8201   		.uleb128 0x410a
 954 00d4 00       		.byte	0
 955 00d5 02       		.uleb128 0x2
 956 00d6 18       		.uleb128 0x18
 957 00d7 9142     		.uleb128 0x2111
 958 00d9 18       		.uleb128 0x18
 959 00da 00       		.byte	0
 960 00db 00       		.byte	0
 961 00dc 0F       		.uleb128 0xf
 962 00dd 2E       		.uleb128 0x2e
 963 00de 00       		.byte	0
 964 00df 3F       		.uleb128 0x3f
 965 00e0 19       		.uleb128 0x19
 966 00e1 03       		.uleb128 0x3
 967 00e2 0E       		.uleb128 0xe
 968 00e3 3A       		.uleb128 0x3a
 969 00e4 0B       		.uleb128 0xb
 970 00e5 3B       		.uleb128 0x3b
 971 00e6 05       		.uleb128 0x5
 972 00e7 27       		.uleb128 0x27
 973 00e8 19       		.uleb128 0x19
 974 00e9 49       		.uleb128 0x49
 975 00ea 13       		.uleb128 0x13
 976 00eb 11       		.uleb128 0x11
 977 00ec 01       		.uleb128 0x1
 978 00ed 12       		.uleb128 0x12
 979 00ee 06       		.uleb128 0x6
 980 00ef 40       		.uleb128 0x40
 981 00f0 18       		.uleb128 0x18
 982 00f1 9742     		.uleb128 0x2117
 983 00f3 19       		.uleb128 0x19
 984 00f4 00       		.byte	0
 985 00f5 00       		.byte	0
 986 00f6 10       		.uleb128 0x10
 987 00f7 05       		.uleb128 0x5
 988 00f8 00       		.byte	0
 989 00f9 03       		.uleb128 0x3
 990 00fa 0E       		.uleb128 0xe
 991 00fb 3A       		.uleb128 0x3a
 992 00fc 0B       		.uleb128 0xb
 993 00fd 3B       		.uleb128 0x3b
 994 00fe 05       		.uleb128 0x5
 995 00ff 49       		.uleb128 0x49
 996 0100 13       		.uleb128 0x13
 997 0101 02       		.uleb128 0x2
ARM GAS  C:\Users\jrdia\AppData\Local\Temp\cckOCIeS.s 			page 26


 998 0102 18       		.uleb128 0x18
 999 0103 00       		.byte	0
 1000 0104 00       		.byte	0
 1001 0105 11       		.uleb128 0x11
 1002 0106 2E       		.uleb128 0x2e
 1003 0107 01       		.byte	0x1
 1004 0108 3F       		.uleb128 0x3f
 1005 0109 19       		.uleb128 0x19
 1006 010a 03       		.uleb128 0x3
 1007 010b 0E       		.uleb128 0xe
 1008 010c 3A       		.uleb128 0x3a
 1009 010d 0B       		.uleb128 0xb
 1010 010e 3B       		.uleb128 0x3b
 1011 010f 05       		.uleb128 0x5
 1012 0110 27       		.uleb128 0x27
 1013 0111 19       		.uleb128 0x19
 1014 0112 49       		.uleb128 0x49
 1015 0113 13       		.uleb128 0x13
 1016 0114 11       		.uleb128 0x11
 1017 0115 01       		.uleb128 0x1
 1018 0116 12       		.uleb128 0x12
 1019 0117 06       		.uleb128 0x6
 1020 0118 40       		.uleb128 0x40
 1021 0119 18       		.uleb128 0x18
 1022 011a 9742     		.uleb128 0x2117
 1023 011c 19       		.uleb128 0x19
 1024 011d 01       		.uleb128 0x1
 1025 011e 13       		.uleb128 0x13
 1026 011f 00       		.byte	0
 1027 0120 00       		.byte	0
 1028 0121 12       		.uleb128 0x12
 1029 0122 34       		.uleb128 0x34
 1030 0123 00       		.byte	0
 1031 0124 03       		.uleb128 0x3
 1032 0125 0E       		.uleb128 0xe
 1033 0126 3A       		.uleb128 0x3a
 1034 0127 0B       		.uleb128 0xb
 1035 0128 3B       		.uleb128 0x3b
 1036 0129 05       		.uleb128 0x5
 1037 012a 49       		.uleb128 0x49
 1038 012b 13       		.uleb128 0x13
 1039 012c 02       		.uleb128 0x2
 1040 012d 18       		.uleb128 0x18
 1041 012e 00       		.byte	0
 1042 012f 00       		.byte	0
 1043 0130 13       		.uleb128 0x13
 1044 0131 34       		.uleb128 0x34
 1045 0132 00       		.byte	0
 1046 0133 03       		.uleb128 0x3
 1047 0134 0E       		.uleb128 0xe
 1048 0135 3A       		.uleb128 0x3a
 1049 0136 0B       		.uleb128 0xb
 1050 0137 3B       		.uleb128 0x3b
 1051 0138 0B       		.uleb128 0xb
 1052 0139 49       		.uleb128 0x49
 1053 013a 13       		.uleb128 0x13
 1054 013b 3F       		.uleb128 0x3f
ARM GAS  C:\Users\jrdia\AppData\Local\Temp\cckOCIeS.s 			page 27


 1055 013c 19       		.uleb128 0x19
 1056 013d 02       		.uleb128 0x2
 1057 013e 18       		.uleb128 0x18
 1058 013f 00       		.byte	0
 1059 0140 00       		.byte	0
 1060 0141 14       		.uleb128 0x14
 1061 0142 2E       		.uleb128 0x2e
 1062 0143 00       		.byte	0
 1063 0144 3F       		.uleb128 0x3f
 1064 0145 19       		.uleb128 0x19
 1065 0146 3C       		.uleb128 0x3c
 1066 0147 19       		.uleb128 0x19
 1067 0148 6E       		.uleb128 0x6e
 1068 0149 0E       		.uleb128 0xe
 1069 014a 03       		.uleb128 0x3
 1070 014b 0E       		.uleb128 0xe
 1071 014c 3A       		.uleb128 0x3a
 1072 014d 0B       		.uleb128 0xb
 1073 014e 3B       		.uleb128 0x3b
 1074 014f 0B       		.uleb128 0xb
 1075 0150 00       		.byte	0
 1076 0151 00       		.byte	0
 1077 0152 00       		.byte	0
 1078              		.section	.debug_loc,"",%progbits
 1079              	.Ldebug_loc0:
 1080              	.LLST0:
 1081 0000 06000000 		.4byte	.LVL0
 1082 0004 13000000 		.4byte	.LVL1-1
 1083 0008 0100     		.2byte	0x1
 1084 000a 50       		.byte	0x50
 1085 000b 00000000 		.4byte	0
 1086 000f 00000000 		.4byte	0
 1087              	.LLST1:
 1088 0013 06000000 		.4byte	.LVL3
 1089 0017 13000000 		.4byte	.LVL4-1
 1090 001b 0100     		.2byte	0x1
 1091 001d 50       		.byte	0x50
 1092 001e 00000000 		.4byte	0
 1093 0022 00000000 		.4byte	0
 1094              	.LLST2:
 1095 0026 00000000 		.4byte	.LVL6
 1096 002a 14000000 		.4byte	.LVL7
 1097 002e 0100     		.2byte	0x1
 1098 0030 50       		.byte	0x50
 1099 0031 14000000 		.4byte	.LVL7
 1100 0035 16000000 		.4byte	.LVL8
 1101 0039 0400     		.2byte	0x4
 1102 003b F3       		.byte	0xf3
 1103 003c 01       		.uleb128 0x1
 1104 003d 50       		.byte	0x50
 1105 003e 9F       		.byte	0x9f
 1106 003f 16000000 		.4byte	.LVL8
 1107 0043 18000000 		.4byte	.LVL9
 1108 0047 0100     		.2byte	0x1
 1109 0049 50       		.byte	0x50
 1110 004a 18000000 		.4byte	.LVL9
 1111 004e 1A000000 		.4byte	.LVL10
ARM GAS  C:\Users\jrdia\AppData\Local\Temp\cckOCIeS.s 			page 28


 1112 0052 0400     		.2byte	0x4
 1113 0054 F3       		.byte	0xf3
 1114 0055 01       		.uleb128 0x1
 1115 0056 50       		.byte	0x50
 1116 0057 9F       		.byte	0x9f
 1117 0058 1A000000 		.4byte	.LVL10
 1118 005c 1C000000 		.4byte	.LVL11
 1119 0060 0100     		.2byte	0x1
 1120 0062 50       		.byte	0x50
 1121 0063 1C000000 		.4byte	.LVL11
 1122 0067 1E000000 		.4byte	.LVL12
 1123 006b 0400     		.2byte	0x4
 1124 006d F3       		.byte	0xf3
 1125 006e 01       		.uleb128 0x1
 1126 006f 50       		.byte	0x50
 1127 0070 9F       		.byte	0x9f
 1128 0071 1E000000 		.4byte	.LVL12
 1129 0075 20000000 		.4byte	.LVL13
 1130 0079 0100     		.2byte	0x1
 1131 007b 50       		.byte	0x50
 1132 007c 20000000 		.4byte	.LVL13
 1133 0080 28000000 		.4byte	.LFE6
 1134 0084 0400     		.2byte	0x4
 1135 0086 F3       		.byte	0xf3
 1136 0087 01       		.uleb128 0x1
 1137 0088 50       		.byte	0x50
 1138 0089 9F       		.byte	0x9f
 1139 008a 00000000 		.4byte	0
 1140 008e 00000000 		.4byte	0
 1141              	.LLST3:
 1142 0092 00000000 		.4byte	.LVL6
 1143 0096 16000000 		.4byte	.LVL8
 1144 009a 0300     		.2byte	0x3
 1145 009c 09       		.byte	0x9
 1146 009d FE       		.byte	0xfe
 1147 009e 9F       		.byte	0x9f
 1148 009f 16000000 		.4byte	.LVL8
 1149 00a3 1A000000 		.4byte	.LVL10
 1150 00a7 0200     		.2byte	0x2
 1151 00a9 31       		.byte	0x31
 1152 00aa 9F       		.byte	0x9f
 1153 00ab 1A000000 		.4byte	.LVL10
 1154 00af 20000000 		.4byte	.LVL13
 1155 00b3 0300     		.2byte	0x3
 1156 00b5 09       		.byte	0x9
 1157 00b6 FE       		.byte	0xfe
 1158 00b7 9F       		.byte	0x9f
 1159 00b8 20000000 		.4byte	.LVL13
 1160 00bc 28000000 		.4byte	.LFE6
 1161 00c0 0100     		.2byte	0x1
 1162 00c2 50       		.byte	0x50
 1163 00c3 00000000 		.4byte	0
 1164 00c7 00000000 		.4byte	0
 1165              	.LLST4:
 1166 00cb 00000000 		.4byte	.LVL14
 1167 00cf 10000000 		.4byte	.LVL15
 1168 00d3 0100     		.2byte	0x1
ARM GAS  C:\Users\jrdia\AppData\Local\Temp\cckOCIeS.s 			page 29


 1169 00d5 50       		.byte	0x50
 1170 00d6 10000000 		.4byte	.LVL15
 1171 00da 1C000000 		.4byte	.LFE7
 1172 00de 0400     		.2byte	0x4
 1173 00e0 F3       		.byte	0xf3
 1174 00e1 01       		.uleb128 0x1
 1175 00e2 50       		.byte	0x50
 1176 00e3 9F       		.byte	0x9f
 1177 00e4 00000000 		.4byte	0
 1178 00e8 00000000 		.4byte	0
 1179              		.section	.debug_aranges,"",%progbits
 1180 0000 74000000 		.4byte	0x74
 1181 0004 0200     		.2byte	0x2
 1182 0006 00000000 		.4byte	.Ldebug_info0
 1183 000a 04       		.byte	0x4
 1184 000b 00       		.byte	0
 1185 000c 0000     		.2byte	0
 1186 000e 0000     		.2byte	0
 1187 0010 00000000 		.4byte	.LFB4
 1188 0014 1C000000 		.4byte	.LFE4-.LFB4
 1189 0018 00000000 		.4byte	.LFB1
 1190 001c 18000000 		.4byte	.LFE1-.LFB1
 1191 0020 00000000 		.4byte	.LFB5
 1192 0024 1C000000 		.4byte	.LFE5-.LFB5
 1193 0028 00000000 		.4byte	.LFB3
 1194 002c 18000000 		.4byte	.LFE3-.LFB3
 1195 0030 00000000 		.4byte	.LFB6
 1196 0034 28000000 		.4byte	.LFE6-.LFB6
 1197 0038 00000000 		.4byte	.LFB7
 1198 003c 1C000000 		.4byte	.LFE7-.LFB7
 1199 0040 00000000 		.4byte	.LFB2
 1200 0044 0A000000 		.4byte	.LFE2-.LFB2
 1201 0048 00000000 		.4byte	.LFB0
 1202 004c 1C000000 		.4byte	.LFE0-.LFB0
 1203 0050 00000000 		.4byte	.LFB8
 1204 0054 10000000 		.4byte	.LFE8-.LFB8
 1205 0058 00000000 		.4byte	.LFB9
 1206 005c 0C000000 		.4byte	.LFE9-.LFB9
 1207 0060 00000000 		.4byte	.LFB10
 1208 0064 0C000000 		.4byte	.LFE10-.LFB10
 1209 0068 00000000 		.4byte	.LFB11
 1210 006c 24000000 		.4byte	.LFE11-.LFB11
 1211 0070 00000000 		.4byte	0
 1212 0074 00000000 		.4byte	0
 1213              		.section	.debug_ranges,"",%progbits
 1214              	.Ldebug_ranges0:
 1215 0000 00000000 		.4byte	.LFB4
 1216 0004 1C000000 		.4byte	.LFE4
 1217 0008 00000000 		.4byte	.LFB1
 1218 000c 18000000 		.4byte	.LFE1
 1219 0010 00000000 		.4byte	.LFB5
 1220 0014 1C000000 		.4byte	.LFE5
 1221 0018 00000000 		.4byte	.LFB3
 1222 001c 18000000 		.4byte	.LFE3
 1223 0020 00000000 		.4byte	.LFB6
 1224 0024 28000000 		.4byte	.LFE6
 1225 0028 00000000 		.4byte	.LFB7
ARM GAS  C:\Users\jrdia\AppData\Local\Temp\cckOCIeS.s 			page 30


 1226 002c 1C000000 		.4byte	.LFE7
 1227 0030 00000000 		.4byte	.LFB2
 1228 0034 0A000000 		.4byte	.LFE2
 1229 0038 00000000 		.4byte	.LFB0
 1230 003c 1C000000 		.4byte	.LFE0
 1231 0040 00000000 		.4byte	.LFB8
 1232 0044 10000000 		.4byte	.LFE8
 1233 0048 00000000 		.4byte	.LFB9
 1234 004c 0C000000 		.4byte	.LFE9
 1235 0050 00000000 		.4byte	.LFB10
 1236 0054 0C000000 		.4byte	.LFE10
 1237 0058 00000000 		.4byte	.LFB11
 1238 005c 24000000 		.4byte	.LFE11
 1239 0060 00000000 		.4byte	0
 1240 0064 00000000 		.4byte	0
 1241              		.section	.debug_line,"",%progbits
 1242              	.Ldebug_line0:
 1243 0000 47010000 		.section	.debug_str,"MS",%progbits,1
 1243      02005600 
 1243      00000201 
 1243      FB0E0D00 
 1243      01010101 
 1244              	.LASF18:
 1245 0000 50697865 		.ascii	"Pixel_ShiftReg_DisableInt\000"
 1245      6C5F5368 
 1245      69667452 
 1245      65675F44 
 1245      69736162 
 1246              	.LASF24:
 1247 001a 696E7465 		.ascii	"interruptSource\000"
 1247      72727570 
 1247      74536F75 
 1247      72636500 
 1248              	.LASF36:
 1249 002a 47656E65 		.ascii	"Generated_Source\\PSoC5\\Pixel_ShiftReg.c\000"
 1249      72617465 
 1249      645F536F 
 1249      75726365 
 1249      5C50536F 
 1250              	.LASF3:
 1251 0052 73686F72 		.ascii	"short unsigned int\000"
 1251      7420756E 
 1251      7369676E 
 1251      65642069 
 1251      6E7400
 1252              	.LASF9:
 1253 0065 666C6F61 		.ascii	"float\000"
 1253      7400
 1254              	.LASF7:
 1255 006b 6C6F6E67 		.ascii	"long long unsigned int\000"
 1255      206C6F6E 
 1255      6720756E 
 1255      7369676E 
 1255      65642069 
 1256              	.LASF26:
 1257 0082 50697865 		.ascii	"Pixel_ShiftReg_Start\000"
 1257      6C5F5368 
ARM GAS  C:\Users\jrdia\AppData\Local\Temp\cckOCIeS.s 			page 31


 1257      69667452 
 1257      65675F53 
 1257      74617274 
 1258              	.LASF35:
 1259 0097 474E5520 		.ascii	"GNU C11 5.4.1 20160609 (release) [ARM/embedded-5-br"
 1259      43313120 
 1259      352E342E 
 1259      31203230 
 1259      31363036 
 1260 00ca 616E6368 		.ascii	"anch revision 237715] -mcpu=cortex-m3 -mthumb -g -O"
 1260      20726576 
 1260      6973696F 
 1260      6E203233 
 1260      37373135 
 1261 00fd 67202D66 		.ascii	"g -ffunction-sections -ffat-lto-objects\000"
 1261      66756E63 
 1261      74696F6E 
 1261      2D736563 
 1261      74696F6E 
 1262              	.LASF13:
 1263 0125 72656738 		.ascii	"reg8\000"
 1263      00
 1264              	.LASF19:
 1265 012a 696E7465 		.ascii	"interruptState\000"
 1265      72727570 
 1265      74537461 
 1265      746500
 1266              	.LASF5:
 1267 0139 6C6F6E67 		.ascii	"long unsigned int\000"
 1267      20756E73 
 1267      69676E65 
 1267      6420696E 
 1267      7400
 1268              	.LASF12:
 1269 014b 75696E74 		.ascii	"uint8\000"
 1269      3800
 1270              	.LASF16:
 1271 0151 50697865 		.ascii	"Pixel_ShiftReg_EnableInt\000"
 1271      6C5F5368 
 1271      69667452 
 1271      65675F45 
 1271      6E61626C 
 1272              	.LASF23:
 1273 016a 6669666F 		.ascii	"fifoId\000"
 1273      496400
 1274              	.LASF1:
 1275 0171 756E7369 		.ascii	"unsigned char\000"
 1275      676E6564 
 1275      20636861 
 1275      7200
 1276              	.LASF10:
 1277 017f 646F7562 		.ascii	"double\000"
 1277      6C6500
 1278              	.LASF38:
 1279 0186 50697865 		.ascii	"Pixel_ShiftReg_initVar\000"
 1279      6C5F5368 
 1279      69667452 
ARM GAS  C:\Users\jrdia\AppData\Local\Temp\cckOCIeS.s 			page 32


 1279      65675F69 
 1279      6E697456 
 1280              	.LASF17:
 1281 019d 50697865 		.ascii	"Pixel_ShiftReg_Enable\000"
 1281      6C5F5368 
 1281      69667452 
 1281      65675F45 
 1281      6E61626C 
 1282              	.LASF20:
 1283 01b3 50697865 		.ascii	"Pixel_ShiftReg_Stop\000"
 1283      6C5F5368 
 1283      69667452 
 1283      65675F53 
 1283      746F7000 
 1284              	.LASF27:
 1285 01c7 50697865 		.ascii	"Pixel_ShiftReg_WriteRegValue\000"
 1285      6C5F5368 
 1285      69667452 
 1285      65675F57 
 1285      72697465 
 1286              	.LASF22:
 1287 01e4 50697865 		.ascii	"Pixel_ShiftReg_SetIntMode\000"
 1287      6C5F5368 
 1287      69667452 
 1287      65675F53 
 1287      6574496E 
 1288              	.LASF28:
 1289 01fe 73686966 		.ascii	"shiftData\000"
 1289      74446174 
 1289      6100
 1290              	.LASF33:
 1291 0208 4379456E 		.ascii	"CyEnterCriticalSection\000"
 1291      74657243 
 1291      72697469 
 1291      63616C53 
 1291      65637469 
 1292              	.LASF8:
 1293 021f 756E7369 		.ascii	"unsigned int\000"
 1293      676E6564 
 1293      20696E74 
 1293      00
 1294              	.LASF34:
 1295 022c 43794578 		.ascii	"CyExitCriticalSection\000"
 1295      69744372 
 1295      69746963 
 1295      616C5365 
 1295      6374696F 
 1296              	.LASF21:
 1297 0242 72657375 		.ascii	"result\000"
 1297      6C7400
 1298              	.LASF29:
 1299 0249 50697865 		.ascii	"Pixel_ShiftReg_GetIntStatus\000"
 1299      6C5F5368 
 1299      69667452 
 1299      65675F47 
 1299      6574496E 
 1300              	.LASF32:
ARM GAS  C:\Users\jrdia\AppData\Local\Temp\cckOCIeS.s 			page 33


 1301 0265 50697865 		.ascii	"Pixel_ShiftReg_ReadRegValue\000"
 1301      6C5F5368 
 1301      69667452 
 1301      65675F52 
 1301      65616452 
 1302              	.LASF15:
 1303 0281 73697A65 		.ascii	"sizetype\000"
 1303      74797065 
 1303      00
 1304              	.LASF6:
 1305 028a 6C6F6E67 		.ascii	"long long int\000"
 1305      206C6F6E 
 1305      6720696E 
 1305      7400
 1306              	.LASF25:
 1307 0298 50697865 		.ascii	"Pixel_ShiftReg_Init\000"
 1307      6C5F5368 
 1307      69667452 
 1307      65675F49 
 1307      6E697400 
 1308              	.LASF11:
 1309 02ac 63686172 		.ascii	"char\000"
 1309      00
 1310              	.LASF2:
 1311 02b1 73686F72 		.ascii	"short int\000"
 1311      7420696E 
 1311      7400
 1312              	.LASF37:
 1313 02bb 433A5C55 		.ascii	"C:\\Users\\jrdia\\OneDrive\\Sync\\Documents\\GitHub"
 1313      73657273 
 1313      5C6A7264 
 1313      69615C4F 
 1313      6E654472 
 1314 02e8 5C50536F 		.ascii	"\\PSoC-Composite-Decoder\\Composite_Decoder.cydsn\000"
 1314      432D436F 
 1314      6D706F73 
 1314      6974652D 
 1314      4465636F 
 1315              	.LASF4:
 1316 0318 6C6F6E67 		.ascii	"long int\000"
 1316      20696E74 
 1316      00
 1317              	.LASF14:
 1318 0321 6C6F6E67 		.ascii	"long double\000"
 1318      20646F75 
 1318      626C6500 
 1319              	.LASF0:
 1320 032d 7369676E 		.ascii	"signed char\000"
 1320      65642063 
 1320      68617200 
 1321              	.LASF30:
 1322 0339 50697865 		.ascii	"Pixel_ShiftReg_ReadData\000"
 1322      6C5F5368 
 1322      69667452 
 1322      65675F52 
 1322      65616444 
 1323              	.LASF31:
ARM GAS  C:\Users\jrdia\AppData\Local\Temp\cckOCIeS.s 			page 34


 1324 0351 50697865 		.ascii	"Pixel_ShiftReg_GetFIFOStatus\000"
 1324      6C5F5368 
 1324      69667452 
 1324      65675F47 
 1324      65744649 
 1325              		.ident	"GCC: (GNU Tools for ARM Embedded Processors) 5.4.1 20160609 (release) [ARM/embedded-5-bran
